<?xml version="1.0" encoding="UTF-8" standalone="yes"?><!DOCTYPE report PUBLIC "-//JACOCO//DTD Report 1.1//EN" "report.dtd"><report name="gradle"><sessioninfo id="ubuntu-large-hhvsz-runner-tx55w-d6261327" start="1762995885711" dump="1762995890046"/><sessioninfo id="ubuntu-large-hhvsz-runner-tx55w-834b4999" start="1762995900541" dump="1762995952596"/><package name="proguard/gradle/plugin/android/transforms"><class name="proguard/gradle/plugin/android/transforms/AndroidConsumerRulesTransform" sourcefilename="AndroidConsumerRulesTransform.kt"><method name="&lt;init&gt;" desc="()V" line="23"><counter type="INSTRUCTION" missed="3" covered="0"/><counter type="LINE" missed="1" covered="0"/><counter type="COMPLEXITY" missed="1" covered="0"/><counter type="METHOD" missed="1" covered="0"/></method><method name="transform" desc="(Lorg/gradle/api/artifacts/transform/TransformOutputs;)V" line="28"><counter type="INSTRUCTION" missed="54" covered="0"/><counter type="BRANCH" missed="4" covered="0"/><counter type="LINE" missed="6" covered="0"/><counter type="COMPLEXITY" missed="3" covered="0"/><counter type="METHOD" missed="1" covered="0"/></method><counter type="INSTRUCTION" missed="57" covered="0"/><counter type="BRANCH" missed="4" covered="0"/><counter type="LINE" missed="7" covered="0"/><counter type="COMPLEXITY" missed="4" covered="0"/><counter type="METHOD" missed="2" covered="0"/><counter type="CLASS" missed="1" covered="0"/></class><class name="proguard/gradle/plugin/android/transforms/ArchiveConsumerRulesTransform" sourcefilename="ArchiveConsumerRulesTransform.kt"><method name="&lt;init&gt;" desc="()V" line="25"><counter type="INSTRUCTION" missed="3" covered="0"/><counter type="LINE" missed="1" covered="0"/><counter type="COMPLEXITY" missed="1" covered="0"/><counter type="METHOD" missed="1" covered="0"/></method><method name="transform" desc="(Lorg/gradle/api/artifacts/transform/TransformOutputs;)V" line="30"><counter type="INSTRUCTION" missed="143" covered="0"/><counter type="LINE" missed="19" covered="0"/><counter type="COMPLEXITY" missed="1" covered="0"/><counter type="METHOD" missed="1" covered="0"/></method><method name="transform$lambda$5$lambda$1" desc="(Ljava/util/Set;Ljava/util/zip/ZipEntry;)Z" line="44"><counter type="INSTRUCTION" missed="14" covered="0"/><counter type="LINE" missed="1" covered="0"/><counter type="COMPLEXITY" missed="1" covered="0"/><counter type="METHOD" missed="1" covered="0"/></method><counter type="INSTRUCTION" missed="160" covered="0"/><counter type="LINE" missed="21" covered="0"/><counter type="COMPLEXITY" missed="3" covered="0"/><counter type="METHOD" missed="3" covered="0"/><counter type="CLASS" missed="1" covered="0"/></class><sourcefile name="ArchiveConsumerRulesTransform.kt"><line nr="25" mi="3" ci="0" mb="0" cb="0"/><line nr="30" mi="6" ci="0" mb="0" cb="0"/><line nr="31" mi="5" ci="0" mb="0" cb="0"/><line nr="33" mi="1" ci="0" mb="0" cb="0"/><line nr="34" mi="1" ci="0" mb="0" cb="0"/><line nr="37" mi="12" ci="0" mb="0" cb="0"/><line nr="39" mi="4" ci="0" mb="0" cb="0"/><line nr="42" mi="23" ci="0" mb="0" cb="0"/><line nr="43" mi="11" ci="0" mb="0" cb="0"/><line nr="44" mi="14" ci="0" mb="0" cb="0"/><line nr="45" mi="3" ci="0" mb="0" cb="0"/><line nr="46" mi="22" ci="0" mb="0" cb="0"/><line nr="47" mi="7" ci="0" mb="0" cb="0"/><line nr="48" mi="6" ci="0" mb="0" cb="0"/><line nr="49" mi="21" ci="0" mb="0" cb="0"/><line nr="50" mi="10" ci="0" mb="0" cb="0"/><line nr="51" mi="2" ci="0" mb="0" cb="0"/><line nr="52" mi="2" ci="0" mb="0" cb="0"/><line nr="53" mi="1" ci="0" mb="0" cb="0"/><line nr="54" mi="2" ci="0" mb="0" cb="0"/><line nr="55" mi="1" ci="0" mb="0" cb="0"/><counter type="INSTRUCTION" missed="160" covered="0"/><counter type="LINE" missed="21" covered="0"/><counter type="COMPLEXITY" missed="3" covered="0"/><counter type="METHOD" missed="3" covered="0"/><counter type="CLASS" missed="1" covered="0"/></sourcefile><sourcefile name="AndroidConsumerRulesTransform.kt"><line nr="23" mi="3" ci="0" mb="0" cb="0"/><line nr="28" mi="6" ci="0" mb="0" cb="0"/><line nr="29" mi="5" ci="0" mb="0" cb="0"/><line nr="31" mi="22" ci="0" mb="4" cb="0"/><line nr="32" mi="7" ci="0" mb="0" cb="0"/><line nr="33" mi="10" ci="0" mb="0" cb="0"/><line nr="35" mi="1" ci="0" mb="0" cb="0"/><counter type="INSTRUCTION" missed="57" covered="0"/><counter type="BRANCH" missed="4" covered="0"/><counter type="LINE" missed="7" covered="0"/><counter type="COMPLEXITY" missed="4" covered="0"/><counter type="METHOD" missed="2" covered="0"/><counter type="CLASS" missed="1" covered="0"/></sourcefile><counter type="INSTRUCTION" missed="217" covered="0"/><counter type="BRANCH" missed="4" covered="0"/><counter type="LINE" missed="28" covered="0"/><counter type="COMPLEXITY" missed="7" covered="0"/><counter type="METHOD" missed="5" covered="0"/><counter type="CLASS" missed="2" covered="0"/></package><package name="proguard/gradle/plugin"><class name="proguard/gradle/plugin/ProGuardPlugin" sourcefilename="ProGuardPlugin.kt"><method name="&lt;init&gt;" desc="()V" line="31"><counter type="INSTRUCTION" missed="3" covered="0"/><counter type="LINE" missed="1" covered="0"/><counter type="COMPLEXITY" missed="1" covered="0"/><counter type="METHOD" missed="1" covered="0"/></method><method name="apply" desc="(Lorg/gradle/api/Project;)V" line="33"><counter type="INSTRUCTION" missed="74" covered="0"/><counter type="BRANCH" missed="6" covered="0"/><counter type="LINE" missed="20" covered="0"/><counter type="COMPLEXITY" missed="4" covered="0"/><counter type="METHOD" missed="1" covered="0"/></method><counter type="INSTRUCTION" missed="77" covered="0"/><counter type="BRANCH" missed="6" covered="0"/><counter type="LINE" missed="21" covered="0"/><counter type="COMPLEXITY" missed="5" covered="0"/><counter type="METHOD" missed="2" covered="0"/><counter type="CLASS" missed="1" covered="0"/></class><sourcefile name="ProGuardPlugin.kt"><line nr="31" mi="3" ci="0" mb="0" cb="0"/><line nr="33" mi="6" ci="0" mb="0" cb="0"/><line nr="34" mi="5" ci="0" mb="0" cb="0"/><line nr="36" mi="1" ci="0" mb="0" cb="0"/><line nr="42" mi="1" ci="0" mb="0" cb="0"/><line nr="43" mi="1" ci="0" mb="0" cb="0"/><line nr="44" mi="2" ci="0" mb="2" cb="0"/><line nr="45" mi="4" ci="0" mb="2" cb="0"/><line nr="46" mi="4" ci="0" mb="0" cb="0"/><line nr="50" mi="1" ci="0" mb="0" cb="0"/><line nr="53" mi="7" ci="0" mb="0" cb="0"/><line nr="55" mi="2" ci="0" mb="2" cb="0"/><line nr="56" mi="4" ci="0" mb="0" cb="0"/><line nr="57" mi="8" ci="0" mb="0" cb="0"/><line nr="58" mi="2" ci="0" mb="0" cb="0"/><line nr="59" mi="4" ci="0" mb="0" cb="0"/><line nr="63" mi="4" ci="0" mb="0" cb="0"/><line nr="64" mi="8" ci="0" mb="0" cb="0"/><line nr="65" mi="2" ci="0" mb="0" cb="0"/><line nr="66" mi="4" ci="0" mb="0" cb="0"/><line nr="70" mi="1" ci="0" mb="0" cb="0"/><counter type="INSTRUCTION" missed="77" covered="0"/><counter type="BRANCH" missed="6" covered="0"/><counter type="LINE" missed="21" covered="0"/><counter type="COMPLEXITY" missed="5" covered="0"/><counter type="METHOD" missed="2" covered="0"/><counter type="CLASS" missed="1" covered="0"/></sourcefile><counter type="INSTRUCTION" missed="77" covered="0"/><counter type="BRANCH" missed="6" covered="0"/><counter type="LINE" missed="21" covered="0"/><counter type="COMPLEXITY" missed="5" covered="0"/><counter type="METHOD" missed="2" covered="0"/><counter type="CLASS" missed="1" covered="0"/></package><package name="proguard/gradle/plugin/android/dsl"><class name="proguard/gradle/plugin/android/dsl/ProGuardConfiguration" sourcefilename="ProGuardConfiguration.kt"><method name="&lt;init&gt;" desc="(Ljava/lang/String;)V" line="26"><counter type="INSTRUCTION" missed="10" covered="0"/><counter type="LINE" missed="2" covered="0"/><counter type="COMPLEXITY" missed="1" covered="0"/><counter type="METHOD" missed="1" covered="0"/></method><method name="getFilename" desc="()Ljava/lang/String;" line="26"><counter type="INSTRUCTION" missed="3" covered="0"/><counter type="LINE" missed="1" covered="0"/><counter type="COMPLEXITY" missed="1" covered="0"/><counter type="METHOD" missed="1" covered="0"/></method><method name="getPath" desc="()Ljava/lang/String;" line="27"><counter type="INSTRUCTION" missed="3" covered="0"/><counter type="LINE" missed="1" covered="0"/><counter type="COMPLEXITY" missed="1" covered="0"/><counter type="METHOD" missed="1" covered="0"/></method><method name="toString" desc="()Ljava/lang/String;" line="29"><counter type="INSTRUCTION" missed="3" covered="0"/><counter type="LINE" missed="1" covered="0"/><counter type="COMPLEXITY" missed="1" covered="0"/><counter type="METHOD" missed="1" covered="0"/></method><counter type="INSTRUCTION" missed="19" covered="0"/><counter type="LINE" missed="3" covered="0"/><counter type="COMPLEXITY" missed="4" covered="0"/><counter type="METHOD" missed="4" covered="0"/><counter type="CLASS" missed="1" covered="0"/></class><class name="proguard/gradle/plugin/android/dsl/DefaultProGuardConfiguration" sourcefilename="ProGuardConfiguration.kt"><method name="&lt;init&gt;" desc="(Ljava/lang/String;)V" line="34"><counter type="INSTRUCTION" missed="5" covered="0"/><counter type="LINE" missed="1" covered="0"/><counter type="COMPLEXITY" missed="1" covered="0"/><counter type="METHOD" missed="1" covered="0"/></method><method name="getPath" desc="()Ljava/lang/String;" line="36"><counter type="INSTRUCTION" missed="10" covered="0"/><counter type="LINE" missed="1" covered="0"/><counter type="COMPLEXITY" missed="1" covered="0"/><counter type="METHOD" missed="1" covered="0"/></method><method name="&lt;clinit&gt;" desc="()V" line="39"><counter type="INSTRUCTION" missed="21" covered="0"/><counter type="LINE" missed="3" covered="0"/><counter type="COMPLEXITY" missed="1" covered="0"/><counter type="METHOD" missed="1" covered="0"/></method><counter type="INSTRUCTION" missed="36" covered="0"/><counter type="LINE" missed="5" covered="0"/><counter type="COMPLEXITY" missed="3" covered="0"/><counter type="METHOD" missed="3" covered="0"/><counter type="CLASS" missed="1" covered="0"/></class><class name="proguard/gradle/plugin/android/dsl/ProGuardAndroidExtension" sourcefilename="ProGuardAndroidExtension.kt"><method name="&lt;init&gt;" desc="(Lorg/gradle/api/Project;)V" line="27"><counter type="INSTRUCTION" missed="14" covered="0"/><counter type="LINE" missed="2" covered="0"/><counter type="COMPLEXITY" missed="1" covered="0"/><counter type="METHOD" missed="1" covered="0"/></method><method name="getConfigurations" desc="()Lorg/gradle/api/NamedDomainObjectContainer;" line="28"><counter type="INSTRUCTION" missed="3" covered="0"/><counter type="LINE" missed="1" covered="0"/><counter type="COMPLEXITY" missed="1" covered="0"/><counter type="METHOD" missed="1" covered="0"/></method><counter type="INSTRUCTION" missed="17" covered="0"/><counter type="LINE" missed="2" covered="0"/><counter type="COMPLEXITY" missed="2" covered="0"/><counter type="METHOD" missed="2" covered="0"/><counter type="CLASS" missed="1" covered="0"/></class><class name="proguard/gradle/plugin/android/dsl/UserProGuardConfiguration" sourcefilename="ProGuardConfiguration.kt"><method name="&lt;init&gt;" desc="(Ljava/lang/String;)V" line="32"><counter type="INSTRUCTION" missed="8" covered="0"/><counter type="LINE" missed="1" covered="0"/><counter type="COMPLEXITY" missed="1" covered="0"/><counter type="METHOD" missed="1" covered="0"/></method><counter type="INSTRUCTION" missed="8" covered="0"/><counter type="LINE" missed="1" covered="0"/><counter type="COMPLEXITY" missed="1" covered="0"/><counter type="METHOD" missed="1" covered="0"/><counter type="CLASS" missed="1" covered="0"/></class><class name="proguard/gradle/plugin/android/dsl/VariantConfiguration" sourcefilename="VariantConfiguration.kt"><method name="&lt;init&gt;" desc="(Ljava/lang/String;)V" line="24"><counter type="INSTRUCTION" missed="21" covered="0"/><counter type="LINE" missed="3" covered="0"/><counter type="COMPLEXITY" missed="1" covered="0"/><counter type="METHOD" missed="1" covered="0"/></method><method name="getName" desc="()Ljava/lang/String;" line="24"><counter type="INSTRUCTION" missed="3" covered="0"/><counter type="LINE" missed="1" covered="0"/><counter type="COMPLEXITY" missed="1" covered="0"/><counter type="METHOD" missed="1" covered="0"/></method><method name="getConfigurations" desc="()Ljava/util/List;" line="25"><counter type="INSTRUCTION" missed="3" covered="0"/><counter type="LINE" missed="1" covered="0"/><counter type="COMPLEXITY" missed="1" covered="0"/><counter type="METHOD" missed="1" covered="0"/></method><method name="setConfigurations" desc="(Ljava/util/List;)V" line="25"><counter type="INSTRUCTION" missed="7" covered="0"/><counter type="LINE" missed="1" covered="0"/><counter type="COMPLEXITY" missed="1" covered="0"/><counter type="METHOD" missed="1" covered="0"/></method><method name="getConsumerRuleFilter" desc="()Ljava/util/List;" line="26"><counter type="INSTRUCTION" missed="3" covered="0"/><counter type="LINE" missed="1" covered="0"/><counter type="COMPLEXITY" missed="1" covered="0"/><counter type="METHOD" missed="1" covered="0"/></method><method name="setConsumerRuleFilter" desc="(Ljava/util/List;)V" line="26"><counter type="INSTRUCTION" missed="7" covered="0"/><counter type="LINE" missed="1" covered="0"/><counter type="COMPLEXITY" missed="1" covered="0"/><counter type="METHOD" missed="1" covered="0"/></method><method name="configurations" desc="([Ljava/lang/String;)V" line="29"><counter type="INSTRUCTION" missed="11" covered="0"/><counter type="LINE" missed="2" covered="0"/><counter type="COMPLEXITY" missed="1" covered="0"/><counter type="METHOD" missed="1" covered="0"/></method><method name="configuration" desc="(Ljava/lang/String;)V" line="33"><counter type="INSTRUCTION" missed="12" covered="0"/><counter type="LINE" missed="2" covered="0"/><counter type="COMPLEXITY" missed="1" covered="0"/><counter type="METHOD" missed="1" covered="0"/></method><method name="defaultConfigurations" desc="([Ljava/lang/String;)V" line="37"><counter type="INSTRUCTION" missed="11" covered="0"/><counter type="LINE" missed="2" covered="0"/><counter type="COMPLEXITY" missed="1" covered="0"/><counter type="METHOD" missed="1" covered="0"/></method><method name="defaultConfiguration" desc="(Ljava/lang/String;)V" line="41"><counter type="INSTRUCTION" missed="11" covered="0"/><counter type="LINE" missed="2" covered="0"/><counter type="COMPLEXITY" missed="1" covered="0"/><counter type="METHOD" missed="1" covered="0"/></method><method name="consumerRuleFilter" desc="([Ljava/lang/String;)V" line="45"><counter type="INSTRUCTION" missed="10" covered="0"/><counter type="LINE" missed="2" covered="0"/><counter type="COMPLEXITY" missed="1" covered="0"/><counter type="METHOD" missed="1" covered="0"/></method><counter type="INSTRUCTION" missed="99" covered="0"/><counter type="LINE" missed="13" covered="0"/><counter type="COMPLEXITY" missed="11" covered="0"/><counter type="METHOD" missed="11" covered="0"/><counter type="CLASS" missed="1" covered="0"/></class><class name="proguard/gradle/plugin/android/dsl/DefaultProGuardConfiguration$Companion" sourcefilename="ProGuardConfiguration.kt"><method name="fromString" desc="(Ljava/lang/String;)Lproguard/gradle/plugin/android/dsl/ProGuardConfiguration;" line="44"><counter type="INSTRUCTION" missed="57" covered="0"/><counter type="BRANCH" missed="6" covered="0"/><counter type="LINE" missed="9" covered="0"/><counter type="COMPLEXITY" missed="4" covered="0"/><counter type="METHOD" missed="1" covered="0"/></method><counter type="INSTRUCTION" missed="57" covered="0"/><counter type="BRANCH" missed="6" covered="0"/><counter type="LINE" missed="9" covered="0"/><counter type="COMPLEXITY" missed="4" covered="0"/><counter type="METHOD" missed="1" covered="0"/><counter type="CLASS" missed="1" covered="0"/></class><sourcefile name="VariantConfiguration.kt"><line nr="24" mi="9" ci="0" mb="0" cb="0"/><line nr="25" mi="13" ci="0" mb="0" cb="0"/><line nr="26" mi="13" ci="0" mb="0" cb="0"/><line nr="29" mi="7" ci="0" mb="0" cb="0"/><line nr="30" mi="1" ci="0" mb="0" cb="0"/><line nr="33" mi="8" ci="0" mb="0" cb="0"/><line nr="34" mi="1" ci="0" mb="0" cb="0"/><line nr="37" mi="7" ci="0" mb="0" cb="0"/><line nr="38" mi="1" ci="0" mb="0" cb="0"/><line nr="41" mi="7" ci="0" mb="0" cb="0"/><line nr="42" mi="1" ci="0" mb="0" cb="0"/><line nr="45" mi="6" ci="0" mb="0" cb="0"/><line nr="46" mi="1" ci="0" mb="0" cb="0"/><counter type="INSTRUCTION" missed="99" covered="0"/><counter type="LINE" missed="13" covered="0"/><counter type="COMPLEXITY" missed="11" covered="0"/><counter type="METHOD" missed="11" covered="0"/><counter type="CLASS" missed="1" covered="0"/></sourcefile><sourcefile name="ProGuardConfiguration.kt"><line nr="26" mi="9" ci="0" mb="0" cb="0"/><line nr="27" mi="7" ci="0" mb="0" cb="0"/><line nr="29" mi="3" ci="0" mb="0" cb="0"/><line nr="32" mi="5" ci="0" mb="0" cb="0"/><line nr="34" mi="5" ci="0" mb="0" cb="0"/><line nr="36" mi="10" ci="0" mb="0" cb="0"/><line nr="39" mi="5" ci="0" mb="0" cb="0"/><line nr="40" mi="5" ci="0" mb="0" cb="0"/><line nr="41" mi="6" ci="0" mb="0" cb="0"/><line nr="44" mi="3" ci="0" mb="0" cb="0"/><line nr="45" mi="8" ci="0" mb="2" cb="0"/><line nr="46" mi="8" ci="0" mb="2" cb="0"/><line nr="47" mi="8" ci="0" mb="2" cb="0"/><line nr="48" mi="4" ci="0" mb="0" cb="0"/><line nr="49" mi="14" ci="0" mb="0" cb="0"/><line nr="50" mi="2" ci="0" mb="0" cb="0"/><line nr="53" mi="6" ci="0" mb="0" cb="0"/><line nr="54" mi="1" ci="0" mb="0" cb="0"/><counter type="INSTRUCTION" missed="120" covered="0"/><counter type="BRANCH" missed="6" covered="0"/><counter type="LINE" missed="18" covered="0"/><counter type="COMPLEXITY" missed="12" covered="0"/><counter type="METHOD" missed="9" covered="0"/><counter type="CLASS" missed="4" covered="0"/></sourcefile><sourcefile name="ProGuardAndroidExtension.kt"><line nr="27" mi="3" ci="0" mb="0" cb="0"/><line nr="28" mi="11" ci="0" mb="0" cb="0"/><counter type="INSTRUCTION" missed="17" covered="0"/><counter type="LINE" missed="2" covered="0"/><counter type="COMPLEXITY" missed="2" covered="0"/><counter type="METHOD" missed="2" covered="0"/><counter type="CLASS" missed="1" covered="0"/></sourcefile><counter type="INSTRUCTION" missed="236" covered="0"/><counter type="BRANCH" missed="6" covered="0"/><counter type="LINE" missed="33" covered="0"/><counter type="COMPLEXITY" missed="25" covered="0"/><counter type="METHOD" missed="22" covered="0"/><counter type="CLASS" missed="6" covered="0"/></package><package name="proguard/gradle/plugin/android/tasks"><class name="proguard/gradle/plugin/android/tasks/ConsumerRuleFilterEntry" sourcefilename="CollectConsumerRulesTask.kt"><method name="&lt;init&gt;" desc="(Ljava/lang/String;Ljava/lang/String;)V" line="105"><counter type="INSTRUCTION" missed="15" covered="0"/><counter type="LINE" missed="1" covered="0"/><counter type="COMPLEXITY" missed="1" covered="0"/><counter type="METHOD" missed="1" covered="0"/></method><method name="getGroup" desc="()Ljava/lang/String;" line="105"><counter type="INSTRUCTION" missed="3" covered="0"/><counter type="LINE" missed="1" covered="0"/><counter type="COMPLEXITY" missed="1" covered="0"/><counter type="METHOD" missed="1" covered="0"/></method><method name="getModule" desc="()Ljava/lang/String;" line="105"><counter type="INSTRUCTION" missed="3" covered="0"/><counter type="LINE" missed="1" covered="0"/><counter type="COMPLEXITY" missed="1" covered="0"/><counter type="METHOD" missed="1" covered="0"/></method><counter type="INSTRUCTION" missed="21" covered="0"/><counter type="LINE" missed="1" covered="0"/><counter type="COMPLEXITY" missed="3" covered="0"/><counter type="METHOD" missed="3" covered="0"/><counter type="CLASS" missed="1" covered="0"/></class><class name="proguard/gradle/plugin/android/tasks/CollectConsumerRulesTask" sourcefilename="CollectConsumerRulesTask.kt"><method name="&lt;init&gt;" desc="()V" line="16"><counter type="INSTRUCTION" missed="14" covered="0"/><counter type="LINE" missed="4" covered="0"/><counter type="COMPLEXITY" missed="1" covered="0"/><counter type="METHOD" missed="1" covered="0"/></method><method name="getConsumerRulesConfiguration" desc="()Lorg/gradle/api/artifacts/Configuration;" line="17"><counter type="INSTRUCTION" missed="4" covered="0"/><counter type="LINE" missed="1" covered="0"/><counter type="COMPLEXITY" missed="1" covered="0"/><counter type="METHOD" missed="1" covered="0"/></method><method name="setConsumerRulesConfiguration" desc="(Lorg/gradle/api/artifacts/Configuration;)V" line="17"><counter type="INSTRUCTION" missed="7" covered="0"/><counter type="LINE" missed="2" covered="0"/><counter type="COMPLEXITY" missed="1" covered="0"/><counter type="METHOD" missed="1" covered="0"/></method><method name="getOutputFile" desc="()Ljava/io/File;" line="20"><counter type="INSTRUCTION" missed="4" covered="0"/><counter type="LINE" missed="1" covered="0"/><counter type="COMPLEXITY" missed="1" covered="0"/><counter type="METHOD" missed="1" covered="0"/></method><method name="setOutputFile" desc="(Ljava/io/File;)V" line="20"><counter type="INSTRUCTION" missed="7" covered="0"/><counter type="LINE" missed="2" covered="0"/><counter type="COMPLEXITY" missed="1" covered="0"/><counter type="METHOD" missed="1" covered="0"/></method><method name="getConsumerRuleFilter" desc="()Ljava/util/List;" line="23"><counter type="INSTRUCTION" missed="3" covered="0"/><counter type="LINE" missed="1" covered="0"/><counter type="COMPLEXITY" missed="1" covered="0"/><counter type="METHOD" missed="1" covered="0"/></method><method name="setConsumerRuleFilter" desc="(Ljava/util/List;)V" line="23"><counter type="INSTRUCTION" missed="7" covered="0"/><counter type="LINE" missed="2" covered="0"/><counter type="COMPLEXITY" missed="1" covered="0"/><counter type="METHOD" missed="1" covered="0"/></method><method name="getConsumerRuleIgnoreFilter" desc="()Ljava/util/List;" line="26"><counter type="INSTRUCTION" missed="3" covered="0"/><counter type="LINE" missed="1" covered="0"/><counter type="COMPLEXITY" missed="1" covered="0"/><counter type="METHOD" missed="1" covered="0"/></method><method name="extractConsumerRules" desc="()V" line="36"><counter type="INSTRUCTION" missed="565" covered="0"/><counter type="BRANCH" missed="28" covered="0"/><counter type="LINE" missed="54" covered="0"/><counter type="COMPLEXITY" missed="15" covered="0"/><counter type="METHOD" missed="1" covered="0"/></method><method name="extractConsumerRules$lambda$8" desc="(Lproguard/gradle/plugin/android/tasks/ConsumerRuleFilterEntry;)Ljava/lang/CharSequence;" line="98"><counter type="INSTRUCTION" missed="17" covered="0"/><counter type="LINE" missed="1" covered="0"/><counter type="COMPLEXITY" missed="1" covered="0"/><counter type="METHOD" missed="1" covered="0"/></method><counter type="INSTRUCTION" missed="631" covered="0"/><counter type="BRANCH" missed="28" covered="0"/><counter type="LINE" missed="64" covered="0"/><counter type="COMPLEXITY" missed="24" covered="0"/><counter type="METHOD" missed="10" covered="0"/><counter type="CLASS" missed="1" covered="0"/></class><class name="proguard/gradle/plugin/android/tasks/PrepareProguardConfigDirectoryTask" sourcefilename="PrepareProguardConfigDirectoryTask.kt"><method name="&lt;init&gt;" desc="()V" line="7"><counter type="INSTRUCTION" missed="13" covered="0"/><counter type="LINE" missed="2" covered="0"/><counter type="COMPLEXITY" missed="1" covered="0"/><counter type="METHOD" missed="1" covered="0"/></method><method name="getFile" desc="()Ljava/io/File;" line="8"><counter type="INSTRUCTION" missed="3" covered="0"/><counter type="LINE" missed="1" covered="0"/><counter type="COMPLEXITY" missed="1" covered="0"/><counter type="METHOD" missed="1" covered="0"/></method><method name="createDirectory" desc="()V" line="13"><counter type="INSTRUCTION" missed="5" covered="0"/><counter type="LINE" missed="2" covered="0"/><counter type="COMPLEXITY" missed="1" covered="0"/><counter type="METHOD" missed="1" covered="0"/></method><counter type="INSTRUCTION" missed="21" covered="0"/><counter type="LINE" missed="5" covered="0"/><counter type="COMPLEXITY" missed="3" covered="0"/><counter type="METHOD" missed="3" covered="0"/><counter type="CLASS" missed="1" covered="0"/></class><sourcefile name="PrepareProguardConfigDirectoryTask.kt"><line nr="7" mi="3" ci="0" mb="0" cb="0"/><line nr="8" mi="3" ci="0" mb="0" cb="0"/><line nr="9" mi="10" ci="0" mb="0" cb="0"/><line nr="13" mi="4" ci="0" mb="0" cb="0"/><line nr="14" mi="1" ci="0" mb="0" cb="0"/><counter type="INSTRUCTION" missed="21" covered="0"/><counter type="LINE" missed="5" covered="0"/><counter type="COMPLEXITY" missed="3" covered="0"/><counter type="METHOD" missed="3" covered="0"/><counter type="CLASS" missed="1" covered="0"/></sourcefile><sourcefile name="CollectConsumerRulesTask.kt"><line nr="16" mi="3" ci="0" mb="0" cb="0"/><line nr="17" mi="7" ci="0" mb="0" cb="0"/><line nr="18" mi="1" ci="0" mb="0" cb="0"/><line nr="20" mi="7" ci="0" mb="0" cb="0"/><line nr="21" mi="1" ci="0" mb="0" cb="0"/><line nr="23" mi="6" ci="0" mb="0" cb="0"/><line nr="24" mi="4" ci="0" mb="0" cb="0"/><line nr="26" mi="3" ci="0" mb="0" cb="0"/><line nr="28" mi="3" ci="0" mb="0" cb="0"/><line nr="31" mi="5" ci="0" mb="0" cb="0"/><line nr="36" mi="4" ci="0" mb="2" cb="0"/><line nr="37" mi="4" ci="0" mb="0" cb="0"/><line nr="39" mi="14" ci="0" mb="0" cb="0"/><line nr="40" mi="4" ci="0" mb="0" cb="0"/><line nr="42" mi="5" ci="0" mb="0" cb="0"/><line nr="43" mi="5" ci="0" mb="0" cb="0"/><line nr="45" mi="10" ci="0" mb="2" cb="0"/><line nr="46" mi="18" ci="0" mb="0" cb="0"/><line nr="47" mi="5" ci="0" mb="0" cb="0"/><line nr="48" mi="7" ci="0" mb="4" cb="0"/><line nr="49" mi="14" ci="0" mb="0" cb="0"/><line nr="50" mi="7" ci="0" mb="2" cb="0"/><line nr="51" mi="1" ci="0" mb="0" cb="0"/><line nr="53" mi="12" ci="0" mb="0" cb="0"/><line nr="54" mi="16" ci="0" mb="0" cb="0"/><line nr="55" mi="47" ci="0" mb="2" cb="0"/><line nr="56" mi="49" ci="0" mb="2" cb="0"/><line nr="57" mi="24" ci="0" mb="0" cb="0"/><line nr="58" mi="2" ci="0" mb="0" cb="0"/><line nr="59" mi="2" ci="0" mb="0" cb="0"/><line nr="60" mi="7" ci="0" mb="0" cb="0"/><line nr="61" mi="2" ci="0" mb="0" cb="0"/><line nr="62" mi="2" ci="0" mb="0" cb="0"/><line nr="63" mi="2" ci="0" mb="0" cb="0"/><line nr="64" mi="2" ci="0" mb="0" cb="0"/><line nr="65" mi="1" ci="0" mb="0" cb="0"/><line nr="68" mi="20" ci="0" mb="0" cb="0"/><line nr="70" mi="8" ci="0" mb="4" cb="0"/><line nr="71" mi="49" ci="0" mb="2" cb="0"/><line nr="72" mi="5" ci="0" mb="0" cb="0"/><line nr="73" mi="2" ci="0" mb="0" cb="0"/><line nr="74" mi="2" ci="0" mb="0" cb="0"/><line nr="75" mi="2" ci="0" mb="0" cb="0"/><line nr="78" mi="5" ci="0" mb="0" cb="0"/><line nr="79" mi="11" ci="0" mb="0" cb="0"/><line nr="80" mi="15" ci="0" mb="0" cb="0"/><line nr="81" mi="47" ci="0" mb="2" cb="0"/><line nr="82" mi="49" ci="0" mb="2" cb="0"/><line nr="83" mi="15" ci="0" mb="0" cb="0"/><line nr="84" mi="2" ci="0" mb="0" cb="0"/><line nr="85" mi="2" ci="0" mb="0" cb="0"/><line nr="86" mi="7" ci="0" mb="0" cb="0"/><line nr="87" mi="2" ci="0" mb="0" cb="0"/><line nr="88" mi="2" ci="0" mb="0" cb="0"/><line nr="89" mi="2" ci="0" mb="0" cb="0"/><line nr="90" mi="2" ci="0" mb="0" cb="0"/><line nr="91" mi="1" ci="0" mb="0" cb="0"/><line nr="92" mi="1" ci="0" mb="0" cb="0"/><line nr="94" mi="6" ci="0" mb="2" cb="0"/><line nr="95" mi="7" ci="0" mb="0" cb="0"/><line nr="96" mi="4" ci="0" mb="0" cb="0"/><line nr="97" mi="18" ci="0" mb="2" cb="0"/><line nr="98" mi="26" ci="0" mb="0" cb="0"/><line nr="102" mi="1" ci="0" mb="0" cb="0"/><line nr="105" mi="15" ci="0" mb="0" cb="0"/><counter type="INSTRUCTION" missed="652" covered="0"/><counter type="BRANCH" missed="28" covered="0"/><counter type="LINE" missed="65" covered="0"/><counter type="COMPLEXITY" missed="27" covered="0"/><counter type="METHOD" missed="13" covered="0"/><counter type="CLASS" missed="2" covered="0"/></sourcefile><counter type="INSTRUCTION" missed="673" covered="0"/><counter type="BRANCH" missed="28" covered="0"/><counter type="LINE" missed="70" covered="0"/><counter type="COMPLEXITY" missed="30" covered="0"/><counter type="METHOD" missed="16" covered="0"/><counter type="CLASS" missed="3" covered="0"/></package><package name="proguard/gradle/plugin/android"><class name="proguard/gradle/plugin/android/AndroidPlugin" sourcefilename="AndroidPlugin.kt"><method name="&lt;init&gt;" desc="(Lcom/android/build/gradle/BaseExtension;)V" line="52"><counter type="INSTRUCTION" missed="9" covered="0"/><counter type="LINE" missed="1" covered="0"/><counter type="COMPLEXITY" missed="1" covered="0"/><counter type="METHOD" missed="1" covered="0"/></method><method name="apply" desc="(Lorg/gradle/api/Project;)V" line="54"><counter type="INSTRUCTION" missed="82" covered="0"/><counter type="BRANCH" missed="4" covered="0"/><counter type="LINE" missed="15" covered="0"/><counter type="COMPLEXITY" missed="3" covered="0"/><counter type="METHOD" missed="1" covered="0"/></method><method name="configureAapt" desc="(Lorg/gradle/api/Project;)V" line="118"><counter type="INSTRUCTION" missed="59" covered="0"/><counter type="BRANCH" missed="4" covered="0"/><counter type="LINE" missed="10" covered="0"/><counter type="COMPLEXITY" missed="3" covered="0"/><counter type="METHOD" missed="1" covered="0"/></method><method name="setupVariant" desc="(Lproguard/gradle/plugin/android/dsl/ProGuardAndroidExtension;Lcom/android/build/gradle/api/BaseVariant;Lorg/gradle/api/tasks/TaskProvider;Lorg/gradle/api/Project;)Lproguard/gradle/plugin/android/dsl/VariantConfiguration;" line="142"><counter type="INSTRUCTION" missed="48" covered="0"/><counter type="BRANCH" missed="2" covered="0"/><counter type="LINE" missed="12" covered="0"/><counter type="COMPLEXITY" missed="2" covered="0"/><counter type="METHOD" missed="1" covered="0"/></method><method name="createCollectConsumerRulesTask" desc="(Lorg/gradle/api/Project;Lcom/android/build/gradle/api/BaseVariant;Lorg/gradle/api/artifacts/Configuration;Ljava/util/List;Ljava/io/File;)Lorg/gradle/api/tasks/TaskProvider;" line="176"><counter type="INSTRUCTION" missed="27" covered="0"/><counter type="LINE" missed="1" covered="0"/><counter type="COMPLEXITY" missed="1" covered="0"/><counter type="METHOD" missed="1" covered="0"/></method><method name="createConsumerRulesConfiguration" desc="(Lorg/gradle/api/Project;Lcom/android/build/gradle/api/BaseVariant;)Lorg/gradle/api/artifacts/Configuration;" line="188"><counter type="INSTRUCTION" missed="21" covered="0"/><counter type="LINE" missed="2" covered="0"/><counter type="COMPLEXITY" missed="1" covered="0"/><counter type="METHOD" missed="1" covered="0"/></method><method name="checkConfigurationFile" desc="(Lorg/gradle/api/Project;Ljava/util/List;)V" line="203"><counter type="INSTRUCTION" missed="33" covered="0"/><counter type="BRANCH" missed="2" covered="0"/><counter type="LINE" missed="5" covered="0"/><counter type="COMPLEXITY" missed="2" covered="0"/><counter type="METHOD" missed="1" covered="0"/></method><method name="verifyNotMinified" desc="(Lcom/android/build/gradle/api/BaseVariant;)V" line="210"><counter type="INSTRUCTION" missed="20" covered="0"/><counter type="BRANCH" missed="2" covered="0"/><counter type="LINE" missed="4" covered="0"/><counter type="COMPLEXITY" missed="2" covered="0"/><counter type="METHOD" missed="1" covered="0"/></method><method name="copyConfigurationAttributes" desc="(Lorg/gradle/api/artifacts/Configuration;Lorg/gradle/api/artifacts/Configuration;)V" line="222"><counter type="INSTRUCTION" missed="26" covered="0"/><counter type="LINE" missed="5" covered="0"/><counter type="COMPLEXITY" missed="1" covered="0"/><counter type="METHOD" missed="1" covered="0"/></method><method name="registerDependencyTransforms" desc="(Lorg/gradle/api/Project;)V" line="229"><counter type="INSTRUCTION" missed="19" covered="0"/><counter type="LINE" missed="4" covered="0"/><counter type="COMPLEXITY" missed="1" covered="0"/><counter type="METHOD" missed="1" covered="0"/></method><method name="disableAaptOutputCaching" desc="(Lorg/gradle/api/Project;Lcom/android/build/gradle/api/BaseVariant;)V" line="248"><counter type="INSTRUCTION" missed="54" covered="0"/><counter type="BRANCH" missed="10" covered="0"/><counter type="LINE" missed="7" covered="0"/><counter type="COMPLEXITY" missed="6" covered="0"/><counter type="METHOD" missed="1" covered="0"/></method><method name="warnOldProguardVersion" desc="(Lorg/gradle/api/Project;)V" line="263"><counter type="INSTRUCTION" missed="39" covered="0"/><counter type="BRANCH" missed="4" covered="0"/><counter type="LINE" missed="8" covered="0"/><counter type="COMPLEXITY" missed="3" covered="0"/><counter type="METHOD" missed="1" covered="0"/></method><method name="apply$lambda$9$lambda$1" desc="(Lproguard/gradle/plugin/android/AndroidPlugin;Lproguard/gradle/plugin/android/dsl/ProGuardAndroidExtension;Lorg/gradle/api/tasks/TaskProvider;Lorg/gradle/api/Project;Ljava/util/List;Lcom/android/build/gradle/api/ApplicationVariant;)Lkotlin/Unit;" line="84"><counter type="INSTRUCTION" missed="28" covered="0"/><counter type="BRANCH" missed="2" covered="0"/><counter type="LINE" missed="4" covered="0"/><counter type="COMPLEXITY" missed="2" covered="0"/><counter type="METHOD" missed="1" covered="0"/></method><method name="apply$lambda$9$lambda$2" desc="(Lkotlin/jvm/functions/Function1;Ljava/lang/Object;)V" line="83"><counter type="INSTRUCTION" missed="5" covered="0"/><counter type="LINE" missed="1" covered="0"/><counter type="COMPLEXITY" missed="1" covered="0"/><counter type="METHOD" missed="1" covered="0"/></method><method name="apply$lambda$9$lambda$4" desc="(Lproguard/gradle/plugin/android/AndroidPlugin;Lproguard/gradle/plugin/android/dsl/ProGuardAndroidExtension;Lorg/gradle/api/tasks/TaskProvider;Lorg/gradle/api/Project;Ljava/util/List;Lcom/android/build/gradle/api/LibraryVariant;)Lkotlin/Unit;" line="90"><counter type="INSTRUCTION" missed="28" covered="0"/><counter type="BRANCH" missed="2" covered="0"/><counter type="LINE" missed="4" covered="0"/><counter type="COMPLEXITY" missed="2" covered="0"/><counter type="METHOD" missed="1" covered="0"/></method><method name="apply$lambda$9$lambda$5" desc="(Lkotlin/jvm/functions/Function1;Ljava/lang/Object;)V" line="89"><counter type="INSTRUCTION" missed="5" covered="0"/><counter type="LINE" missed="1" covered="0"/><counter type="COMPLEXITY" missed="1" covered="0"/><counter type="METHOD" missed="1" covered="0"/></method><method name="apply$lambda$9$lambda$8$lambda$7" desc="(Lproguard/gradle/plugin/android/dsl/VariantConfiguration;)Ljava/lang/CharSequence;" line="109"><counter type="INSTRUCTION" missed="4" covered="0"/><counter type="LINE" missed="1" covered="0"/><counter type="COMPLEXITY" missed="1" covered="0"/><counter type="METHOD" missed="1" covered="0"/></method><method name="apply$lambda$9" desc="(Lproguard/gradle/plugin/android/dsl/ProGuardAndroidExtension;Lproguard/gradle/plugin/android/AndroidPlugin;Lorg/gradle/api/tasks/TaskProvider;Lorg/gradle/api/Project;Lorg/gradle/api/Project;)Lkotlin/Unit;" line="75"><counter type="INSTRUCTION" missed="133" covered="0"/><counter type="BRANCH" missed="12" covered="0"/><counter type="LINE" missed="23" covered="0"/><counter type="COMPLEXITY" missed="7" covered="0"/><counter type="METHOD" missed="1" covered="0"/></method><method name="apply$lambda$10" desc="(Lkotlin/jvm/functions/Function1;Ljava/lang/Object;)V" line="74"><counter type="INSTRUCTION" missed="5" covered="0"/><counter type="LINE" missed="1" covered="0"/><counter type="COMPLEXITY" missed="1" covered="0"/><counter type="METHOD" missed="1" covered="0"/></method><method name="configureAapt$lambda$11" desc="(Lorg/gradle/api/tasks/TaskProvider;Lcom/android/build/gradle/internal/res/LinkApplicationAndroidResourcesTask;)Lkotlin/Unit;" line="120"><counter type="INSTRUCTION" missed="13" covered="0"/><counter type="LINE" missed="2" covered="0"/><counter type="COMPLEXITY" missed="1" covered="0"/><counter type="METHOD" missed="1" covered="0"/></method><method name="configureAapt$lambda$12" desc="(Lkotlin/jvm/functions/Function1;Ljava/lang/Object;)V" line="119"><counter type="INSTRUCTION" missed="5" covered="0"/><counter type="LINE" missed="1" covered="0"/><counter type="COMPLEXITY" missed="1" covered="0"/><counter type="METHOD" missed="1" covered="0"/></method><method name="createCollectConsumerRulesTask$parseConsumerRuleFilter" desc="(Ljava/util/List;)Ljava/util/List;" line="168"><counter type="INSTRUCTION" missed="53" covered="0"/><counter type="BRANCH" missed="2" covered="0"/><counter type="LINE" missed="6" covered="0"/><counter type="COMPLEXITY" missed="2" covered="0"/><counter type="METHOD" missed="1" covered="0"/></method><method name="createCollectConsumerRulesTask$lambda$14" desc="(Lorg/gradle/api/artifacts/Configuration;Ljava/util/List;Ljava/io/File;Lcom/android/build/gradle/api/BaseVariant;Lproguard/gradle/plugin/android/tasks/CollectConsumerRulesTask;)Lkotlin/Unit;" line="177"><counter type="INSTRUCTION" missed="33" covered="0"/><counter type="LINE" missed="5" covered="0"/><counter type="COMPLEXITY" missed="1" covered="0"/><counter type="METHOD" missed="1" covered="0"/></method><method name="createCollectConsumerRulesTask$lambda$15" desc="(Lkotlin/jvm/functions/Function1;Ljava/lang/Object;)V" line="176"><counter type="INSTRUCTION" missed="5" covered="0"/><counter type="LINE" missed="1" covered="0"/><counter type="COMPLEXITY" missed="1" covered="0"/><counter type="METHOD" missed="1" covered="0"/></method><method name="createConsumerRulesConfiguration$lambda$16" desc="(Lcom/android/build/gradle/api/BaseVariant;Lproguard/gradle/plugin/android/AndroidPlugin;Lorg/gradle/api/artifacts/Configuration;)Lkotlin/Unit;" line="189"><counter type="INSTRUCTION" missed="40" covered="0"/><counter type="LINE" missed="7" covered="0"/><counter type="COMPLEXITY" missed="1" covered="0"/><counter type="METHOD" missed="1" covered="0"/></method><method name="createConsumerRulesConfiguration$lambda$17" desc="(Lkotlin/jvm/functions/Function1;Ljava/lang/Object;)V" line="188"><counter type="INSTRUCTION" missed="5" covered="0"/><counter type="LINE" missed="1" covered="0"/><counter type="COMPLEXITY" missed="1" covered="0"/><counter type="METHOD" missed="1" covered="0"/></method><method name="registerDependencyTransforms$lambda$20" desc="(Lorg/gradle/api/artifacts/transform/TransformSpec;)Lkotlin/Unit;" line="230"><counter type="INSTRUCTION" missed="14" covered="0"/><counter type="LINE" missed="3" covered="0"/><counter type="COMPLEXITY" missed="1" covered="0"/><counter type="METHOD" missed="1" covered="0"/></method><method name="registerDependencyTransforms$lambda$21" desc="(Lkotlin/jvm/functions/Function1;Ljava/lang/Object;)V" line="229"><counter type="INSTRUCTION" missed="5" covered="0"/><counter type="LINE" missed="1" covered="0"/><counter type="COMPLEXITY" missed="1" covered="0"/><counter type="METHOD" missed="1" covered="0"/></method><method name="registerDependencyTransforms$lambda$22" desc="(Lorg/gradle/api/artifacts/transform/TransformSpec;)Lkotlin/Unit;" line="234"><counter type="INSTRUCTION" missed="14" covered="0"/><counter type="LINE" missed="3" covered="0"/><counter type="COMPLEXITY" missed="1" covered="0"/><counter type="METHOD" missed="1" covered="0"/></method><method name="registerDependencyTransforms$lambda$23" desc="(Lkotlin/jvm/functions/Function1;Ljava/lang/Object;)V" line="233"><counter type="INSTRUCTION" missed="5" covered="0"/><counter type="LINE" missed="1" covered="0"/><counter type="COMPLEXITY" missed="1" covered="0"/><counter type="METHOD" missed="1" covered="0"/></method><method name="registerDependencyTransforms$lambda$24" desc="(Lorg/gradle/api/artifacts/transform/TransformSpec;)Lkotlin/Unit;" line="238"><counter type="INSTRUCTION" missed="14" covered="0"/><counter type="LINE" missed="3" covered="0"/><counter type="COMPLEXITY" missed="1" covered="0"/><counter type="METHOD" missed="1" covered="0"/></method><method name="registerDependencyTransforms$lambda$25" desc="(Lkotlin/jvm/functions/Function1;Ljava/lang/Object;)V" line="237"><counter type="INSTRUCTION" missed="5" covered="0"/><counter type="LINE" missed="1" covered="0"/><counter type="COMPLEXITY" missed="1" covered="0"/><counter type="METHOD" missed="1" covered="0"/></method><method name="disableAaptOutputCaching$lambda$26" desc="(Lorg/gradle/api/Project;Lcom/android/build/gradle/api/BaseVariant;Lorg/gradle/api/Task;)Z" line="256"><counter type="INSTRUCTION" missed="25" covered="0"/><counter type="BRANCH" missed="2" covered="0"/><counter type="LINE" missed="2" covered="0"/><counter type="COMPLEXITY" missed="2" covered="0"/><counter type="METHOD" missed="1" covered="0"/></method><method name="disableAaptOutputCaching$lambda$27" desc="(Lkotlin/jvm/functions/Function1;Ljava/lang/Object;)Z" line="255"><counter type="INSTRUCTION" missed="6" covered="0"/><counter type="LINE" missed="1" covered="0"/><counter type="COMPLEXITY" missed="1" covered="0"/><counter type="METHOD" missed="1" covered="0"/></method><method name="warnOldProguardVersion$lambda$31" desc="(Lorg/gradle/api/Project;Ljava/lang/String;Lorg/gradle/api/artifacts/Configuration;)Lkotlin/Unit;" line="291"><counter type="INSTRUCTION" missed="62" covered="0"/><counter type="BRANCH" missed="10" covered="0"/><counter type="LINE" missed="6" covered="0"/><counter type="COMPLEXITY" missed="6" covered="0"/><counter type="METHOD" missed="1" covered="0"/></method><method name="warnOldProguardVersion$lambda$32" desc="(Lkotlin/jvm/functions/Function1;Ljava/lang/Object;)V" line="290"><counter type="INSTRUCTION" missed="5" covered="0"/><counter type="LINE" missed="1" covered="0"/><counter type="COMPLEXITY" missed="1" covered="0"/><counter type="METHOD" missed="1" covered="0"/></method><method name="&lt;clinit&gt;" desc="()V" line="304"><counter type="INSTRUCTION" missed="10" covered="0"/><counter type="LINE" missed="1" covered="0"/><counter type="COMPLEXITY" missed="1" covered="0"/><counter type="METHOD" missed="1" covered="0"/></method><counter type="INSTRUCTION" missed="964" covered="0"/><counter type="BRANCH" missed="58" covered="0"/><counter type="LINE" missed="142" covered="0"/><counter type="COMPLEXITY" missed="66" covered="0"/><counter type="METHOD" missed="37" covered="0"/><counter type="CLASS" missed="1" covered="0"/></class><class name="proguard/gradle/plugin/android/AndroidPlugin$Companion" sourcefilename="AndroidPlugin.kt"/><class name="proguard/gradle/plugin/android/ProGuardTransformKt" sourcefilename="ProGuardTransform.kt"/><class name="proguard/gradle/plugin/android/AndroidProjectType" sourcefilename="AndroidPlugin.kt"><method name="getEntries" desc="()Lkotlin/enums/EnumEntries;" line="311"><counter type="INSTRUCTION" missed="2" covered="0"/><counter type="LINE" missed="1" covered="0"/><counter type="COMPLEXITY" missed="1" covered="0"/><counter type="METHOD" missed="1" covered="0"/></method><method name="&lt;clinit&gt;" desc="()V" line="309"><counter type="INSTRUCTION" missed="19" covered="0"/><counter type="LINE" missed="2" covered="0"/><counter type="COMPLEXITY" missed="1" covered="0"/><counter type="METHOD" missed="1" covered="0"/></method><counter type="INSTRUCTION" missed="21" covered="0"/><counter type="LINE" missed="3" covered="0"/><counter type="COMPLEXITY" missed="2" covered="0"/><counter type="METHOD" missed="2" covered="0"/><counter type="CLASS" missed="1" covered="0"/></class><class name="proguard/gradle/plugin/android/ProGuardTransform" sourcefilename="ProGuardTransform.kt"><method name="&lt;init&gt;" desc="(Lorg/gradle/api/Project;Lproguard/gradle/plugin/android/dsl/ProGuardAndroidExtension;Lproguard/gradle/plugin/android/AndroidProjectType;Lcom/android/build/gradle/BaseExtension;)V" line="52"><counter type="INSTRUCTION" missed="27" covered="0"/><counter type="LINE" missed="6" covered="0"/><counter type="COMPLEXITY" missed="1" covered="0"/><counter type="METHOD" missed="1" covered="0"/></method><method name="transform" desc="(Lcom/android/build/api/transform/TransformInvocation;)V" line="59"><counter type="INSTRUCTION" missed="214" covered="0"/><counter type="BRANCH" missed="8" covered="0"/><counter type="LINE" missed="29" covered="0"/><counter type="COMPLEXITY" missed="5" covered="0"/><counter type="METHOD" missed="1" covered="0"/></method><method name="getName" desc="()Ljava/lang/String;" line="101"><counter type="INSTRUCTION" missed="2" covered="0"/><counter type="LINE" missed="1" covered="0"/><counter type="COMPLEXITY" missed="1" covered="0"/><counter type="METHOD" missed="1" covered="0"/></method><method name="getInputTypes" desc="()Ljava/util/Set;" line="103"><counter type="INSTRUCTION" missed="14" covered="0"/><counter type="LINE" missed="1" covered="0"/><counter type="COMPLEXITY" missed="1" covered="0"/><counter type="METHOD" missed="1" covered="0"/></method><method name="getScopes" desc="()Ljava/util/Set;" line="106"><counter type="INSTRUCTION" missed="36" covered="0"/><counter type="BRANCH" missed="2" covered="0"/><counter type="LINE" missed="4" covered="0"/><counter type="COMPLEXITY" missed="2" covered="0"/><counter type="METHOD" missed="1" covered="0"/></method><method name="getReferencedScopes" desc="()Ljava/util/Set;" line="112"><counter type="INSTRUCTION" missed="36" covered="0"/><counter type="BRANCH" missed="2" covered="0"/><counter type="LINE" missed="4" covered="0"/><counter type="COMPLEXITY" missed="2" covered="0"/><counter type="METHOD" missed="1" covered="0"/></method><method name="isIncremental" desc="()Z" line="117"><counter type="INSTRUCTION" missed="2" covered="0"/><counter type="LINE" missed="1" covered="0"/><counter type="COMPLEXITY" missed="1" covered="0"/><counter type="METHOD" missed="1" covered="0"/></method><method name="applyToVariant" desc="(Lcom/android/build/api/variant/VariantInfo;)Z" line="120"><counter type="INSTRUCTION" missed="18" covered="0"/><counter type="BRANCH" missed="4" covered="0"/><counter type="LINE" missed="1" covered="0"/><counter type="COMPLEXITY" missed="3" covered="0"/><counter type="METHOD" missed="1" covered="0"/></method><method name="getSecondaryFiles" desc="()Ljava/util/Collection;" line="123"><counter type="INSTRUCTION" missed="57" covered="0"/><counter type="BRANCH" missed="2" covered="0"/><counter type="LINE" missed="8" covered="0"/><counter type="COMPLEXITY" missed="2" covered="0"/><counter type="METHOD" missed="1" covered="0"/></method><method name="createIOEntries" desc="(Ljava/util/Collection;Lcom/android/build/api/transform/TransformOutputProvider;)Ljava/util/List;" line="146"><counter type="INSTRUCTION" missed="45" covered="0"/><counter type="LINE" missed="2" covered="0"/><counter type="COMPLEXITY" missed="1" covered="0"/><counter type="METHOD" missed="1" covered="0"/></method><method name="createLibraryJars" desc="(Ljava/util/Collection;)Ljava/util/List;" line="152"><counter type="INSTRUCTION" missed="87" covered="0"/><counter type="LINE" missed="5" covered="0"/><counter type="COMPLEXITY" missed="1" covered="0"/><counter type="METHOD" missed="1" covered="0"/></method><method name="getAaptRulesFile" desc="()Ljava/lang/String;" line="161"><counter type="INSTRUCTION" missed="29" covered="0"/><counter type="BRANCH" missed="2" covered="0"/><counter type="LINE" missed="4" covered="0"/><counter type="COMPLEXITY" missed="2" covered="0"/><counter type="METHOD" missed="1" covered="0"/></method><method name="createIOEntries$createEntry" desc="(Lcom/android/build/api/transform/TransformOutputProvider;Lcom/android/build/api/transform/QualifiedContent;Lcom/android/build/api/transform/Format;)Lkotlin/Pair;" line="140"><counter type="INSTRUCTION" missed="22" covered="0"/><counter type="LINE" missed="3" covered="0"/><counter type="COMPLEXITY" missed="1" covered="0"/><counter type="METHOD" missed="1" covered="0"/></method><counter type="INSTRUCTION" missed="589" covered="0"/><counter type="BRANCH" missed="20" covered="0"/><counter type="LINE" missed="69" covered="0"/><counter type="COMPLEXITY" missed="23" covered="0"/><counter type="METHOD" missed="13" covered="0"/><counter type="CLASS" missed="1" covered="0"/></class><class name="proguard/gradle/plugin/android/AndroidPluginKt" sourcefilename="AndroidPlugin.kt"><method name="findVariantConfiguration" desc="(Ljava/lang/Iterable;Lcom/android/build/api/variant/VariantInfo;)Lproguard/gradle/plugin/android/dsl/VariantConfiguration;" line="314"><counter type="INSTRUCTION" missed="58" covered="0"/><counter type="BRANCH" missed="10" covered="0"/><counter type="LINE" missed="1" covered="0"/><counter type="COMPLEXITY" missed="6" covered="0"/><counter type="METHOD" missed="1" covered="0"/></method><method name="findVariantConfiguration" desc="(Ljava/lang/Iterable;Ljava/lang/String;)Lproguard/gradle/plugin/android/dsl/VariantConfiguration;" line="317"><counter type="INSTRUCTION" missed="60" covered="0"/><counter type="BRANCH" missed="10" covered="0"/><counter type="LINE" missed="1" covered="0"/><counter type="COMPLEXITY" missed="6" covered="0"/><counter type="METHOD" missed="1" covered="0"/></method><method name="hasVariantConfiguration" desc="(Ljava/lang/Iterable;Ljava/lang/String;)Z" line="319"><counter type="INSTRUCTION" missed="14" covered="0"/><counter type="BRANCH" missed="2" covered="0"/><counter type="LINE" missed="1" covered="0"/><counter type="COMPLEXITY" missed="2" covered="0"/><counter type="METHOD" missed="1" covered="0"/></method><method name="getAgpVersion" desc="()Lcom/github/zafarkhaja/semver/Version;" line="321"><counter type="INSTRUCTION" missed="2" covered="0"/><counter type="LINE" missed="1" covered="0"/><counter type="COMPLEXITY" missed="1" covered="0"/><counter type="METHOD" missed="1" covered="0"/></method><method name="getAaptAdditionalParameters" desc="(Lcom/android/build/gradle/BaseExtension;)Ljava/util/Collection;" line="330"><counter type="INSTRUCTION" missed="86" covered="0"/><counter type="BRANCH" missed="4" covered="0"/><counter type="LINE" missed="8" covered="0"/><counter type="COMPLEXITY" missed="3" covered="0"/><counter type="METHOD" missed="1" covered="0"/></method><method name="&lt;clinit&gt;" desc="()V" line="321"><counter type="INSTRUCTION" missed="7" covered="0"/><counter type="LINE" missed="1" covered="0"/><counter type="COMPLEXITY" missed="1" covered="0"/><counter type="METHOD" missed="1" covered="0"/></method><counter type="INSTRUCTION" missed="227" covered="0"/><counter type="BRANCH" missed="26" covered="0"/><counter type="LINE" missed="12" covered="0"/><counter type="COMPLEXITY" missed="19" covered="0"/><counter type="METHOD" missed="6" covered="0"/><counter type="CLASS" missed="1" covered="0"/></class><sourcefile name="ProGuardTransform.kt"><line nr="52" mi="1" ci="0" mb="0" cb="0"/><line nr="53" mi="3" ci="0" mb="0" cb="0"/><line nr="54" mi="3" ci="0" mb="0" cb="0"/><line nr="55" mi="3" ci="0" mb="0" cb="0"/><line nr="56" mi="3" ci="0" mb="0" cb="0"/><line nr="57" mi="2" ci="0" mb="0" cb="0"/><line nr="59" mi="7" ci="0" mb="0" cb="0"/><line nr="60" mi="1" ci="0" mb="0" cb="0"/><line nr="61" mi="9" ci="0" mb="2" cb="0"/><line nr="62" mi="12" ci="0" mb="0" cb="0"/><line nr="64" mi="16" ci="0" mb="0" cb="0"/><line nr="65" mi="16" ci="0" mb="0" cb="0"/><line nr="66" mi="4" ci="0" mb="0" cb="0"/><line nr="67" mi="4" ci="0" mb="0" cb="0"/><line nr="68" mi="1" ci="0" mb="0" cb="0"/><line nr="70" mi="2" ci="0" mb="0" cb="0"/><line nr="71" mi="1" ci="0" mb="0" cb="0"/><line nr="72" mi="1" ci="0" mb="0" cb="0"/><line nr="73" mi="25" ci="0" mb="0" cb="0"/><line nr="76" mi="9" ci="0" mb="0" cb="0"/><line nr="78" mi="17" ci="0" mb="0" cb="0"/><line nr="79" mi="16" ci="0" mb="0" cb="0"/><line nr="81" mi="3" ci="0" mb="0" cb="0"/><line nr="82" mi="8" ci="0" mb="4" cb="0"/><line nr="83" mi="4" ci="0" mb="0" cb="0"/><line nr="85" mi="4" ci="0" mb="0" cb="0"/><line nr="86" mi="1" ci="0" mb="0" cb="0"/><line nr="91" mi="18" ci="0" mb="0" cb="0"/><line nr="92" mi="6" ci="0" mb="2" cb="0"/><line nr="93" mi="7" ci="0" mb="0" cb="0"/><line nr="94" mi="7" ci="0" mb="0" cb="0"/><line nr="95" mi="7" ci="0" mb="0" cb="0"/><line nr="97" mi="2" ci="0" mb="0" cb="0"/><line nr="98" mi="2" ci="0" mb="0" cb="0"/><line nr="99" mi="1" ci="0" mb="0" cb="0"/><line nr="101" mi="2" ci="0" mb="0" cb="0"/><line nr="103" mi="14" ci="0" mb="0" cb="0"/><line nr="106" mi="7" ci="0" mb="2" cb="0"/><line nr="107" mi="18" ci="0" mb="0" cb="0"/><line nr="108" mi="10" ci="0" mb="0" cb="0"/><line nr="109" mi="1" ci="0" mb="0" cb="0"/><line nr="112" mi="7" ci="0" mb="2" cb="0"/><line nr="113" mi="10" ci="0" mb="0" cb="0"/><line nr="114" mi="18" ci="0" mb="0" cb="0"/><line nr="115" mi="1" ci="0" mb="0" cb="0"/><line nr="117" mi="2" ci="0" mb="0" cb="0"/><line nr="120" mi="18" ci="0" mb="4" cb="0"/><line nr="123" mi="2" ci="0" mb="0" cb="0"/><line nr="124" mi="3" ci="0" mb="0" cb="0"/><line nr="125" mi="6" ci="0" mb="0" cb="0"/><line nr="126" mi="3" ci="0" mb="0" cb="0"/><line nr="127" mi="14" ci="0" mb="0" cb="0"/><line nr="128" mi="8" ci="0" mb="0" cb="0"/><line nr="129" mi="19" ci="0" mb="2" cb="0"/><line nr="130" mi="2" ci="0" mb="0" cb="0"/><line nr="140" mi="4" ci="0" mb="0" cb="0"/><line nr="141" mi="5" ci="0" mb="0" cb="0"/><line nr="142" mi="13" ci="0" mb="0" cb="0"/><line nr="146" mi="6" ci="0" mb="0" cb="0"/><line nr="147" mi="39" ci="0" mb="0" cb="0"/><line nr="152" mi="37" ci="0" mb="0" cb="0"/><line nr="154" mi="18" ci="0" mb="0" cb="0"/><line nr="156" mi="8" ci="0" mb="0" cb="0"/><line nr="157" mi="23" ci="0" mb="0" cb="0"/><line nr="158" mi="1" ci="0" mb="0" cb="0"/><line nr="161" mi="5" ci="0" mb="0" cb="0"/><line nr="162" mi="12" ci="0" mb="2" cb="0"/><line nr="163" mi="3" ci="0" mb="0" cb="0"/><line nr="164" mi="9" ci="0" mb="0" cb="0"/><counter type="INSTRUCTION" missed="589" covered="0"/><counter type="BRANCH" missed="20" covered="0"/><counter type="LINE" missed="69" covered="0"/><counter type="COMPLEXITY" missed="23" covered="0"/><counter type="METHOD" missed="13" covered="0"/><counter type="CLASS" missed="1" covered="0"/></sourcefile><sourcefile name="AndroidPlugin.kt"><line nr="52" mi="6" ci="0" mb="0" cb="0"/><line nr="54" mi="5" ci="0" mb="0" cb="0"/><line nr="55" mi="3" ci="0" mb="0" cb="0"/><line nr="56" mi="15" ci="0" mb="0" cb="0"/><line nr="58" mi="1" ci="0" mb="0" cb="0"/><line nr="59" mi="3" ci="0" mb="0" cb="0"/><line nr="60" mi="5" ci="0" mb="2" cb="0"/><line nr="61" mi="5" ci="0" mb="2" cb="0"/><line nr="62" mi="5" ci="0" mb="0" cb="0"/><line nr="65" mi="3" ci="0" mb="0" cb="0"/><line nr="67" mi="3" ci="0" mb="0" cb="0"/><line nr="69" mi="3" ci="0" mb="0" cb="0"/><line nr="70" mi="11" ci="0" mb="0" cb="0"/><line nr="71" mi="8" ci="0" mb="0" cb="0"/><line nr="74" mi="13" ci="0" mb="0" cb="0"/><line nr="75" mi="4" ci="0" mb="2" cb="0"/><line nr="76" mi="5" ci="0" mb="0" cb="0"/><line nr="79" mi="5" ci="0" mb="0" cb="0"/><line nr="81" mi="4" ci="0" mb="0" cb="0"/><line nr="82" mi="3" ci="0" mb="2" cb="0"/><line nr="83" mi="18" ci="0" mb="0" cb="0"/><line nr="84" mi="21" ci="0" mb="2" cb="0"/><line nr="85" mi="4" ci="0" mb="0" cb="0"/><line nr="86" mi="1" ci="0" mb="0" cb="0"/><line nr="87" mi="2" ci="0" mb="0" cb="0"/><line nr="88" mi="3" ci="0" mb="2" cb="0"/><line nr="89" mi="17" ci="0" mb="0" cb="0"/><line nr="90" mi="21" ci="0" mb="2" cb="0"/><line nr="91" mi="4" ci="0" mb="0" cb="0"/><line nr="92" mi="1" ci="0" mb="0" cb="0"/><line nr="93" mi="2" ci="0" mb="0" cb="0"/><line nr="96" mi="6" ci="0" mb="0" cb="0"/><line nr="97" mi="5" ci="0" mb="0" cb="0"/><line nr="98" mi="1" ci="0" mb="0" cb="0"/><line nr="100" mi="12" ci="0" mb="0" cb="0"/><line nr="101" mi="8" ci="0" mb="4" cb="0"/><line nr="102" mi="2" ci="0" mb="0" cb="0"/><line nr="103" mi="20" ci="0" mb="2" cb="0"/><line nr="104" mi="4" ci="0" mb="0" cb="0"/><line nr="105" mi="16" ci="0" mb="0" cb="0"/><line nr="106" mi="2" ci="0" mb="0" cb="0"/><line nr="107" mi="2" ci="0" mb="0" cb="0"/><line nr="108" mi="2" ci="0" mb="0" cb="0"/><line nr="109" mi="5" ci="0" mb="0" cb="0"/><line nr="113" mi="1" ci="0" mb="0" cb="0"/><line nr="114" mi="2" ci="0" mb="0" cb="0"/><line nr="115" mi="1" ci="0" mb="0" cb="0"/><line nr="118" mi="6" ci="0" mb="0" cb="0"/><line nr="119" mi="13" ci="0" mb="0" cb="0"/><line nr="120" mi="11" ci="0" mb="0" cb="0"/><line nr="121" mi="2" ci="0" mb="0" cb="0"/><line nr="122" mi="6" ci="0" mb="2" cb="0"/><line nr="123" mi="5" ci="0" mb="0" cb="0"/><line nr="124" mi="2" ci="0" mb="0" cb="0"/><line nr="125" mi="10" ci="0" mb="0" cb="0"/><line nr="126" mi="9" ci="0" mb="0" cb="0"/><line nr="131" mi="6" ci="0" mb="2" cb="0"/><line nr="132" mi="6" ci="0" mb="0" cb="0"/><line nr="134" mi="1" ci="0" mb="0" cb="0"/><line nr="142" mi="10" ci="0" mb="0" cb="0"/><line nr="143" mi="2" ci="0" mb="2" cb="0"/><line nr="144" mi="3" ci="0" mb="0" cb="0"/><line nr="145" mi="4" ci="0" mb="0" cb="0"/><line nr="147" mi="3" ci="0" mb="0" cb="0"/><line nr="148" mi="9" ci="0" mb="0" cb="0"/><line nr="149" mi="1" ci="0" mb="0" cb="0"/><line nr="150" mi="1" ci="0" mb="0" cb="0"/><line nr="151" mi="4" ci="0" mb="0" cb="0"/><line nr="152" mi="2" ci="0" mb="0" cb="0"/><line nr="153" mi="7" ci="0" mb="0" cb="0"/><line nr="157" mi="2" ci="0" mb="0" cb="0"/><line nr="168" mi="5" ci="0" mb="0" cb="0"/><line nr="169" mi="16" ci="0" mb="0" cb="0"/><line nr="170" mi="4" ci="0" mb="2" cb="0"/><line nr="171" mi="14" ci="0" mb="0" cb="0"/><line nr="173" mi="13" ci="0" mb="0" cb="0"/><line nr="174" mi="1" ci="0" mb="0" cb="0"/><line nr="176" mi="32" ci="0" mb="0" cb="0"/><line nr="177" mi="3" ci="0" mb="0" cb="0"/><line nr="178" mi="4" ci="0" mb="0" cb="0"/><line nr="179" mi="12" ci="0" mb="0" cb="0"/><line nr="180" mi="12" ci="0" mb="0" cb="0"/><line nr="181" mi="2" ci="0" mb="0" cb="0"/><line nr="188" mi="25" ci="0" mb="0" cb="0"/><line nr="189" mi="3" ci="0" mb="0" cb="0"/><line nr="190" mi="3" ci="0" mb="0" cb="0"/><line nr="191" mi="4" ci="0" mb="0" cb="0"/><line nr="193" mi="12" ci="0" mb="0" cb="0"/><line nr="194" mi="10" ci="0" mb="0" cb="0"/><line nr="196" mi="6" ci="0" mb="0" cb="0"/><line nr="197" mi="3" ci="0" mb="0" cb="0"/><line nr="203" mi="8" ci="0" mb="0" cb="0"/><line nr="204" mi="5" ci="0" mb="0" cb="0"/><line nr="205" mi="18" ci="0" mb="2" cb="0"/><line nr="206" mi="1" ci="0" mb="0" cb="0"/><line nr="207" mi="1" ci="0" mb="0" cb="0"/><line nr="210" mi="4" ci="0" mb="2" cb="0"/><line nr="211" mi="4" ci="0" mb="0" cb="0"/><line nr="212" mi="11" ci="0" mb="0" cb="0"/><line nr="216" mi="1" ci="0" mb="0" cb="0"/><line nr="222" mi="10" ci="0" mb="0" cb="0"/><line nr="223" mi="5" ci="0" mb="0" cb="0"/><line nr="224" mi="9" ci="0" mb="0" cb="0"/><line nr="225" mi="1" ci="0" mb="0" cb="0"/><line nr="226" mi="1" ci="0" mb="0" cb="0"/><line nr="229" mi="11" ci="0" mb="0" cb="0"/><line nr="230" mi="6" ci="0" mb="0" cb="0"/><line nr="231" mi="6" ci="0" mb="0" cb="0"/><line nr="232" mi="2" ci="0" mb="0" cb="0"/><line nr="233" mi="11" ci="0" mb="0" cb="0"/><line nr="234" mi="6" ci="0" mb="0" cb="0"/><line nr="235" mi="6" ci="0" mb="0" cb="0"/><line nr="236" mi="2" ci="0" mb="0" cb="0"/><line nr="237" mi="11" ci="0" mb="0" cb="0"/><line nr="238" mi="6" ci="0" mb="0" cb="0"/><line nr="239" mi="6" ci="0" mb="0" cb="0"/><line nr="240" mi="2" ci="0" mb="0" cb="0"/><line nr="241" mi="1" ci="0" mb="0" cb="0"/><line nr="248" mi="1" ci="0" mb="0" cb="0"/><line nr="249" mi="4" ci="0" mb="2" cb="0"/><line nr="250" mi="12" ci="0" mb="2" cb="0"/><line nr="252" mi="2" ci="0" mb="2" cb="0"/><line nr="254" mi="20" ci="0" mb="0" cb="0"/><line nr="255" mi="20" ci="0" mb="4" cb="0"/><line nr="256" mi="12" ci="0" mb="0" cb="0"/><line nr="257" mi="13" ci="0" mb="2" cb="0"/><line nr="260" mi="1" ci="0" mb="0" cb="0"/><line nr="263" mi="5" ci="0" mb="2" cb="0"/><line nr="265" mi="1" ci="0" mb="0" cb="0"/><line nr="266" mi="1" ci="0" mb="0" cb="0"/><line nr="282" mi="3" ci="0" mb="0" cb="0"/><line nr="285" mi="14" ci="0" mb="2" cb="0"/><line nr="286" mi="5" ci="0" mb="0" cb="0"/><line nr="290" mi="14" ci="0" mb="0" cb="0"/><line nr="291" mi="29" ci="0" mb="4" cb="0"/><line nr="292" mi="19" ci="0" mb="4" cb="0"/><line nr="293" mi="7" ci="0" mb="2" cb="0"/><line nr="294" mi="4" ci="0" mb="0" cb="0"/><line nr="295" mi="1" ci="0" mb="0" cb="0"/><line nr="296" mi="2" ci="0" mb="0" cb="0"/><line nr="297" mi="1" ci="0" mb="0" cb="0"/><line nr="304" mi="5" ci="0" mb="0" cb="0"/><line nr="309" mi="6" ci="0" mb="0" cb="0"/><line nr="310" mi="13" ci="0" mb="0" cb="0"/><line nr="311" mi="1" ci="0" mb="0" cb="0"/><line nr="314" mi="52" ci="0" mb="10" cb="0"/><line nr="317" mi="54" ci="0" mb="10" cb="0"/><line nr="319" mi="8" ci="0" mb="2" cb="0"/><line nr="321" mi="9" ci="0" mb="0" cb="0"/><line nr="330" mi="8" ci="0" mb="2" cb="0"/><line nr="331" mi="19" ci="0" mb="0" cb="0"/><line nr="332" mi="19" ci="0" mb="0" cb="0"/><line nr="333" mi="3" ci="0" mb="2" cb="0"/><line nr="334" mi="3" ci="0" mb="0" cb="0"/><line nr="337" mi="4" ci="0" mb="0" cb="0"/><line nr="338" mi="25" ci="0" mb="0" cb="0"/><line nr="339" mi="2" ci="0" mb="0" cb="0"/><counter type="INSTRUCTION" missed="1212" covered="0"/><counter type="BRANCH" missed="84" covered="0"/><counter type="LINE" missed="157" covered="0"/><counter type="COMPLEXITY" missed="87" covered="0"/><counter type="METHOD" missed="45" covered="0"/><counter type="CLASS" missed="3" covered="0"/></sourcefile><counter type="INSTRUCTION" missed="1801" covered="0"/><counter type="BRANCH" missed="104" covered="0"/><counter type="LINE" missed="226" covered="0"/><counter type="COMPLEXITY" missed="110" covered="0"/><counter type="METHOD" missed="58" covered="0"/><counter type="CLASS" missed="4" covered="0"/></package><package name="proguard/gradle"><class name="proguard/gradle/ProGuardTask" sourcefilename="ProGuardTask.java"><method name="&lt;init&gt;" desc="()V" line="56"><counter type="INSTRUCTION" missed="61" covered="0"/><counter type="LINE" missed="12" covered="0"/><counter type="COMPLEXITY" missed="1" covered="0"/><counter type="METHOD" missed="1" covered="0"/></method><method name="getInJarFileCollection" desc="()Lorg/gradle/api/file/FileCollection;" line="88"><counter type="INSTRUCTION" missed="11" covered="0"/><counter type="LINE" missed="1" covered="0"/><counter type="COMPLEXITY" missed="1" covered="0"/><counter type="METHOD" missed="1" covered="0"/></method><method name="getOutJarFileCollection" desc="()Lorg/gradle/api/file/FileCollection;" line="94"><counter type="INSTRUCTION" missed="11" covered="0"/><counter type="LINE" missed="1" covered="0"/><counter type="COMPLEXITY" missed="1" covered="0"/><counter type="METHOD" missed="1" covered="0"/></method><method name="getLibraryJarFileCollection" desc="()Lorg/gradle/api/file/FileCollection;" line="100"><counter type="INSTRUCTION" missed="11" covered="0"/><counter type="LINE" missed="1" covered="0"/><counter type="COMPLEXITY" missed="1" covered="0"/><counter type="METHOD" missed="1" covered="0"/></method><method name="getConfigurationFileCollection" desc="()Lorg/gradle/api/file/FileCollection;" line="107"><counter type="INSTRUCTION" missed="11" covered="0"/><counter type="LINE" missed="1" covered="0"/><counter type="COMPLEXITY" missed="1" covered="0"/><counter type="METHOD" missed="1" covered="0"/></method><method name="getInJarFiles" desc="()Ljava/util/List;" line="119"><counter type="INSTRUCTION" missed="3" covered="0"/><counter type="LINE" missed="1" covered="0"/><counter type="COMPLEXITY" missed="1" covered="0"/><counter type="METHOD" missed="1" covered="0"/></method><method name="getInJarFilters" desc="()Ljava/util/List;" line="129"><counter type="INSTRUCTION" missed="3" covered="0"/><counter type="LINE" missed="1" covered="0"/><counter type="COMPLEXITY" missed="1" covered="0"/><counter type="METHOD" missed="1" covered="0"/></method><method name="getOutJarFiles" desc="()Ljava/util/List;" line="139"><counter type="INSTRUCTION" missed="3" covered="0"/><counter type="LINE" missed="1" covered="0"/><counter type="COMPLEXITY" missed="1" covered="0"/><counter type="METHOD" missed="1" covered="0"/></method><method name="getOutJarFilters" desc="()Ljava/util/List;" line="149"><counter type="INSTRUCTION" missed="3" covered="0"/><counter type="LINE" missed="1" covered="0"/><counter type="COMPLEXITY" missed="1" covered="0"/><counter type="METHOD" missed="1" covered="0"/></method><method name="getInJarCounts" desc="()Ljava/util/List;" line="163"><counter type="INSTRUCTION" missed="3" covered="0"/><counter type="LINE" missed="1" covered="0"/><counter type="COMPLEXITY" missed="1" covered="0"/><counter type="METHOD" missed="1" covered="0"/></method><method name="getLibraryJarFiles" desc="()Ljava/util/List;" line="173"><counter type="INSTRUCTION" missed="3" covered="0"/><counter type="LINE" missed="1" covered="0"/><counter type="COMPLEXITY" missed="1" covered="0"/><counter type="METHOD" missed="1" covered="0"/></method><method name="getLibraryJarFilters" desc="()Ljava/util/List;" line="183"><counter type="INSTRUCTION" missed="3" covered="0"/><counter type="LINE" missed="1" covered="0"/><counter type="COMPLEXITY" missed="1" covered="0"/><counter type="METHOD" missed="1" covered="0"/></method><method name="getConfigurationFiles" desc="()Ljava/util/List;" line="193"><counter type="INSTRUCTION" missed="3" covered="0"/><counter type="LINE" missed="1" covered="0"/><counter type="COMPLEXITY" missed="1" covered="0"/><counter type="METHOD" missed="1" covered="0"/></method><method name="configuration" desc="(Ljava/lang/Object;)V" line="204"><counter type="INSTRUCTION" missed="16" covered="0"/><counter type="BRANCH" missed="2" covered="0"/><counter type="LINE" missed="4" covered="0"/><counter type="COMPLEXITY" missed="2" covered="0"/><counter type="METHOD" missed="1" covered="0"/></method><method name="injars" desc="(Ljava/lang/Object;)V" line="217"><counter type="INSTRUCTION" missed="5" covered="0"/><counter type="LINE" missed="2" covered="0"/><counter type="COMPLEXITY" missed="1" covered="0"/><counter type="METHOD" missed="1" covered="0"/></method><method name="injars" desc="(Ljava/util/Map;Ljava/lang/Object;)V" line="224"><counter type="INSTRUCTION" missed="11" covered="0"/><counter type="LINE" missed="3" covered="0"/><counter type="COMPLEXITY" missed="1" covered="0"/><counter type="METHOD" missed="1" covered="0"/></method><method name="outjars" desc="(Ljava/lang/Object;)V" line="231"><counter type="INSTRUCTION" missed="5" covered="0"/><counter type="LINE" missed="2" covered="0"/><counter type="COMPLEXITY" missed="1" covered="0"/><counter type="METHOD" missed="1" covered="0"/></method><method name="outjars" desc="(Ljava/util/Map;Ljava/lang/Object;)V" line="238"><counter type="INSTRUCTION" missed="19" covered="0"/><counter type="LINE" missed="4" covered="0"/><counter type="COMPLEXITY" missed="1" covered="0"/><counter type="METHOD" missed="1" covered="0"/></method><method name="libraryjars" desc="(Ljava/lang/Object;)V" line="246"><counter type="INSTRUCTION" missed="5" covered="0"/><counter type="LINE" missed="2" covered="0"/><counter type="COMPLEXITY" missed="1" covered="0"/><counter type="METHOD" missed="1" covered="0"/></method><method name="libraryjars" desc="(Ljava/util/Map;Ljava/lang/Object;)V" line="253"><counter type="INSTRUCTION" missed="11" covered="0"/><counter type="LINE" missed="3" covered="0"/><counter type="COMPLEXITY" missed="1" covered="0"/><counter type="METHOD" missed="1" covered="0"/></method><method name="extraJar" desc="(Ljava/io/File;)V" line="259"><counter type="INSTRUCTION" missed="5" covered="0"/><counter type="LINE" missed="2" covered="0"/><counter type="COMPLEXITY" missed="1" covered="0"/><counter type="METHOD" missed="1" covered="0"/></method><method name="getskipnonpubliclibraryclasses" desc="()Ljava/lang/Object;" line="266"><counter type="INSTRUCTION" missed="4" covered="0"/><counter type="LINE" missed="2" covered="0"/><counter type="COMPLEXITY" missed="1" covered="0"/><counter type="METHOD" missed="1" covered="0"/></method><method name="skipnonpubliclibraryclasses" desc="()V" line="272"><counter type="INSTRUCTION" missed="5" covered="0"/><counter type="LINE" missed="2" covered="0"/><counter type="COMPLEXITY" missed="1" covered="0"/><counter type="METHOD" missed="1" covered="0"/></method><method name="getdontskipnonpubliclibraryclassmembers" desc="()Ljava/lang/Object;" line="279"><counter type="INSTRUCTION" missed="4" covered="0"/><counter type="LINE" missed="2" covered="0"/><counter type="COMPLEXITY" missed="1" covered="0"/><counter type="METHOD" missed="1" covered="0"/></method><method name="dontskipnonpubliclibraryclassmembers" desc="()V" line="285"><counter type="INSTRUCTION" missed="5" covered="0"/><counter type="LINE" missed="2" covered="0"/><counter type="COMPLEXITY" missed="1" covered="0"/><counter type="METHOD" missed="1" covered="0"/></method><method name="getkeepdirectories" desc="()Ljava/lang/Object;" line="292"><counter type="INSTRUCTION" missed="4" covered="0"/><counter type="LINE" missed="2" covered="0"/><counter type="COMPLEXITY" missed="1" covered="0"/><counter type="METHOD" missed="1" covered="0"/></method><method name="keepdirectories" desc="()V" line="298"><counter type="INSTRUCTION" missed="4" covered="0"/><counter type="LINE" missed="2" covered="0"/><counter type="COMPLEXITY" missed="1" covered="0"/><counter type="METHOD" missed="1" covered="0"/></method><method name="keepdirectories" desc="(Ljava/lang/String;)V" line="303"><counter type="INSTRUCTION" missed="10" covered="0"/><counter type="LINE" missed="3" covered="0"/><counter type="COMPLEXITY" missed="1" covered="0"/><counter type="METHOD" missed="1" covered="0"/></method><method name="target" desc="(Ljava/lang/String;)V" line="309"><counter type="INSTRUCTION" missed="6" covered="0"/><counter type="LINE" missed="3" covered="0"/><counter type="COMPLEXITY" missed="1" covered="0"/><counter type="METHOD" missed="1" covered="0"/></method><method name="getforceprocessing" desc="()Ljava/lang/Object;" line="317"><counter type="INSTRUCTION" missed="4" covered="0"/><counter type="LINE" missed="2" covered="0"/><counter type="COMPLEXITY" missed="1" covered="0"/><counter type="METHOD" missed="1" covered="0"/></method><method name="forceprocessing" desc="()V" line="323"><counter type="INSTRUCTION" missed="5" covered="0"/><counter type="LINE" missed="2" covered="0"/><counter type="COMPLEXITY" missed="1" covered="0"/><counter type="METHOD" missed="1" covered="0"/></method><method name="keep" desc="(Ljava/lang/String;)V" line="329"><counter type="INSTRUCTION" missed="5" covered="0"/><counter type="LINE" missed="2" covered="0"/><counter type="COMPLEXITY" missed="1" covered="0"/><counter type="METHOD" missed="1" covered="0"/></method><method name="keep" desc="(Ljava/util/Map;Ljava/lang/String;)V" line="336"><counter type="INSTRUCTION" missed="21" covered="0"/><counter type="LINE" missed="4" covered="0"/><counter type="COMPLEXITY" missed="1" covered="0"/><counter type="METHOD" missed="1" covered="0"/></method><method name="keep" desc="(Ljava/util/Map;)V" line="353"><counter type="INSTRUCTION" missed="6" covered="0"/><counter type="LINE" missed="2" covered="0"/><counter type="COMPLEXITY" missed="1" covered="0"/><counter type="METHOD" missed="1" covered="0"/></method><method name="keep" desc="(Ljava/util/Map;Lgroovy/lang/Closure;)V" line="360"><counter type="INSTRUCTION" missed="21" covered="0"/><counter type="LINE" missed="4" covered="0"/><counter type="COMPLEXITY" missed="1" covered="0"/><counter type="METHOD" missed="1" covered="0"/></method><method name="keepclassmembers" desc="(Ljava/lang/String;)V" line="377"><counter type="INSTRUCTION" missed="5" covered="0"/><counter type="LINE" missed="2" covered="0"/><counter type="COMPLEXITY" missed="1" covered="0"/><counter type="METHOD" missed="1" covered="0"/></method><method name="keepclassmembers" desc="(Ljava/util/Map;Ljava/lang/String;)V" line="384"><counter type="INSTRUCTION" missed="21" covered="0"/><counter type="LINE" missed="4" covered="0"/><counter type="COMPLEXITY" missed="1" covered="0"/><counter type="METHOD" missed="1" covered="0"/></method><method name="keepclassmembers" desc="(Ljava/util/Map;)V" line="401"><counter type="INSTRUCTION" missed="6" covered="0"/><counter type="LINE" missed="2" covered="0"/><counter type="COMPLEXITY" missed="1" covered="0"/><counter type="METHOD" missed="1" covered="0"/></method><method name="keepclassmembers" desc="(Ljava/util/Map;Lgroovy/lang/Closure;)V" line="408"><counter type="INSTRUCTION" missed="21" covered="0"/><counter type="LINE" missed="4" covered="0"/><counter type="COMPLEXITY" missed="1" covered="0"/><counter type="METHOD" missed="1" covered="0"/></method><method name="keepclasseswithmembers" desc="(Ljava/lang/String;)V" line="425"><counter type="INSTRUCTION" missed="5" covered="0"/><counter type="LINE" missed="2" covered="0"/><counter type="COMPLEXITY" missed="1" covered="0"/><counter type="METHOD" missed="1" covered="0"/></method><method name="keepclasseswithmembers" desc="(Ljava/util/Map;Ljava/lang/String;)V" line="432"><counter type="INSTRUCTION" missed="21" covered="0"/><counter type="LINE" missed="4" covered="0"/><counter type="COMPLEXITY" missed="1" covered="0"/><counter type="METHOD" missed="1" covered="0"/></method><method name="keepclasseswithmembers" desc="(Ljava/util/Map;)V" line="449"><counter type="INSTRUCTION" missed="6" covered="0"/><counter type="LINE" missed="2" covered="0"/><counter type="COMPLEXITY" missed="1" covered="0"/><counter type="METHOD" missed="1" covered="0"/></method><method name="keepclasseswithmembers" desc="(Ljava/util/Map;Lgroovy/lang/Closure;)V" line="456"><counter type="INSTRUCTION" missed="21" covered="0"/><counter type="LINE" missed="4" covered="0"/><counter type="COMPLEXITY" missed="1" covered="0"/><counter type="METHOD" missed="1" covered="0"/></method><method name="keepnames" desc="(Ljava/lang/String;)V" line="473"><counter type="INSTRUCTION" missed="5" covered="0"/><counter type="LINE" missed="2" covered="0"/><counter type="COMPLEXITY" missed="1" covered="0"/><counter type="METHOD" missed="1" covered="0"/></method><method name="keepnames" desc="(Ljava/util/Map;Ljava/lang/String;)V" line="480"><counter type="INSTRUCTION" missed="21" covered="0"/><counter type="LINE" missed="4" covered="0"/><counter type="COMPLEXITY" missed="1" covered="0"/><counter type="METHOD" missed="1" covered="0"/></method><method name="keepnames" desc="(Ljava/util/Map;)V" line="497"><counter type="INSTRUCTION" missed="6" covered="0"/><counter type="LINE" missed="2" covered="0"/><counter type="COMPLEXITY" missed="1" covered="0"/><counter type="METHOD" missed="1" covered="0"/></method><method name="keepnames" desc="(Ljava/util/Map;Lgroovy/lang/Closure;)V" line="504"><counter type="INSTRUCTION" missed="21" covered="0"/><counter type="LINE" missed="4" covered="0"/><counter type="COMPLEXITY" missed="1" covered="0"/><counter type="METHOD" missed="1" covered="0"/></method><method name="keepclassmembernames" desc="(Ljava/lang/String;)V" line="521"><counter type="INSTRUCTION" missed="5" covered="0"/><counter type="LINE" missed="2" covered="0"/><counter type="COMPLEXITY" missed="1" covered="0"/><counter type="METHOD" missed="1" covered="0"/></method><method name="keepclassmembernames" desc="(Ljava/util/Map;Ljava/lang/String;)V" line="528"><counter type="INSTRUCTION" missed="21" covered="0"/><counter type="LINE" missed="4" covered="0"/><counter type="COMPLEXITY" missed="1" covered="0"/><counter type="METHOD" missed="1" covered="0"/></method><method name="keepclassmembernames" desc="(Ljava/util/Map;)V" line="545"><counter type="INSTRUCTION" missed="6" covered="0"/><counter type="LINE" missed="2" covered="0"/><counter type="COMPLEXITY" missed="1" covered="0"/><counter type="METHOD" missed="1" covered="0"/></method><method name="keepclassmembernames" desc="(Ljava/util/Map;Lgroovy/lang/Closure;)V" line="552"><counter type="INSTRUCTION" missed="21" covered="0"/><counter type="LINE" missed="4" covered="0"/><counter type="COMPLEXITY" missed="1" covered="0"/><counter type="METHOD" missed="1" covered="0"/></method><method name="keepclasseswithmembernames" desc="(Ljava/lang/String;)V" line="569"><counter type="INSTRUCTION" missed="5" covered="0"/><counter type="LINE" missed="2" covered="0"/><counter type="COMPLEXITY" missed="1" covered="0"/><counter type="METHOD" missed="1" covered="0"/></method><method name="keepclasseswithmembernames" desc="(Ljava/util/Map;Ljava/lang/String;)V" line="576"><counter type="INSTRUCTION" missed="21" covered="0"/><counter type="LINE" missed="4" covered="0"/><counter type="COMPLEXITY" missed="1" covered="0"/><counter type="METHOD" missed="1" covered="0"/></method><method name="keepclasseswithmembernames" desc="(Ljava/util/Map;)V" line="593"><counter type="INSTRUCTION" missed="6" covered="0"/><counter type="LINE" missed="2" covered="0"/><counter type="COMPLEXITY" missed="1" covered="0"/><counter type="METHOD" missed="1" covered="0"/></method><method name="keepclasseswithmembernames" desc="(Ljava/util/Map;Lgroovy/lang/Closure;)V" line="600"><counter type="INSTRUCTION" missed="21" covered="0"/><counter type="LINE" missed="4" covered="0"/><counter type="COMPLEXITY" missed="1" covered="0"/><counter type="METHOD" missed="1" covered="0"/></method><method name="keepcode" desc="(Ljava/lang/String;)V" line="617"><counter type="INSTRUCTION" missed="5" covered="0"/><counter type="LINE" missed="2" covered="0"/><counter type="COMPLEXITY" missed="1" covered="0"/><counter type="METHOD" missed="1" covered="0"/></method><method name="keepcode" desc="(Ljava/util/Map;Ljava/lang/String;)V" line="624"><counter type="INSTRUCTION" missed="21" covered="0"/><counter type="LINE" missed="4" covered="0"/><counter type="COMPLEXITY" missed="1" covered="0"/><counter type="METHOD" missed="1" covered="0"/></method><method name="keepcode" desc="(Ljava/util/Map;)V" line="641"><counter type="INSTRUCTION" missed="6" covered="0"/><counter type="LINE" missed="2" covered="0"/><counter type="COMPLEXITY" missed="1" covered="0"/><counter type="METHOD" missed="1" covered="0"/></method><method name="keepcode" desc="(Ljava/util/Map;Lgroovy/lang/Closure;)V" line="648"><counter type="INSTRUCTION" missed="21" covered="0"/><counter type="LINE" missed="4" covered="0"/><counter type="COMPLEXITY" missed="1" covered="0"/><counter type="METHOD" missed="1" covered="0"/></method><method name="getprintseeds" desc="()Ljava/lang/Object;" line="666"><counter type="INSTRUCTION" missed="4" covered="0"/><counter type="LINE" missed="2" covered="0"/><counter type="COMPLEXITY" missed="1" covered="0"/><counter type="METHOD" missed="1" covered="0"/></method><method name="printseeds" desc="()V" line="672"><counter type="INSTRUCTION" missed="5" covered="0"/><counter type="LINE" missed="2" covered="0"/><counter type="COMPLEXITY" missed="1" covered="0"/><counter type="METHOD" missed="1" covered="0"/></method><method name="printseeds" desc="(Ljava/lang/Object;)V" line="678"><counter type="INSTRUCTION" missed="14" covered="0"/><counter type="LINE" missed="2" covered="0"/><counter type="COMPLEXITY" missed="1" covered="0"/><counter type="METHOD" missed="1" covered="0"/></method><method name="getPrintSeedsFile" desc="()Ljava/io/File;" line="684"><counter type="INSTRUCTION" missed="5" covered="0"/><counter type="LINE" missed="1" covered="0"/><counter type="COMPLEXITY" missed="1" covered="0"/><counter type="METHOD" missed="1" covered="0"/></method><method name="getdontshrink" desc="()Ljava/lang/Object;" line="691"><counter type="INSTRUCTION" missed="4" covered="0"/><counter type="LINE" missed="2" covered="0"/><counter type="COMPLEXITY" missed="1" covered="0"/><counter type="METHOD" missed="1" covered="0"/></method><method name="dontshrink" desc="()V" line="697"><counter type="INSTRUCTION" missed="5" covered="0"/><counter type="LINE" missed="2" covered="0"/><counter type="COMPLEXITY" missed="1" covered="0"/><counter type="METHOD" missed="1" covered="0"/></method><method name="getprintusage" desc="()Ljava/lang/Object;" line="704"><counter type="INSTRUCTION" missed="4" covered="0"/><counter type="LINE" miss
[...]
<line nr="1003" mi="4" ci="0" mb="0" cb="0"/><line nr="1004" mi="1" ci="0" mb="0" cb="0"/><line nr="1010" mi="2" ci="0" mb="0" cb="0"/><line nr="1011" mi="2" ci="0" mb="0" cb="0"/><line nr="1016" mi="3" ci="0" mb="0" cb="0"/><line nr="1017" mi="1" ci="0" mb="0" cb="0"/><line nr="1021" mi="8" ci="0" mb="0" cb="0"/><line nr="1022" mi="2" ci="0" mb="0" cb="0"/><line nr="1023" mi="1" ci="0" mb="0" cb="0"/><line nr="1029" mi="2" ci="0" mb="0" cb="0"/><line nr="1030" mi="2" ci="0" mb="0" cb="0"/><line nr="1035" mi="3" ci="0" mb="0" cb="0"/><line nr="1036" mi="1" ci="0" mb="0" cb="0"/><line nr="1040" mi="3" ci="0" mb="0" cb="0"/><line nr="1041" mi="2" ci="0" mb="0" cb="0"/><line nr="1042" mi="1" ci="0" mb="0" cb="0"/><line nr="1048" mi="2" ci="0" mb="0" cb="0"/><line nr="1049" mi="2" ci="0" mb="0" cb="0"/><line nr="1054" mi="3" ci="0" mb="0" cb="0"/><line nr="1055" mi="1" ci="0" mb="0" cb="0"/><line nr="1059" mi="3" ci="0" mb="0" cb="0"/><line nr="1060" mi="2" ci="0" mb="0" cb="0"/><line nr="1061" mi="1" ci="0" mb="0" cb="0"/><line nr="1067" mi="2" ci="0" mb="0" cb="0"/><line nr="1068" mi="2" ci="0" mb="0" cb="0"/><line nr="1073" mi="3" ci="0" mb="0" cb="0"/><line nr="1074" mi="1" ci="0" mb="0" cb="0"/><line nr="1078" mi="7" ci="0" mb="0" cb="0"/><line nr="1079" mi="2" ci="0" mb="0" cb="0"/><line nr="1080" mi="1" ci="0" mb="0" cb="0"/><line nr="1086" mi="2" ci="0" mb="0" cb="0"/><line nr="1087" mi="2" ci="0" mb="0" cb="0"/><line nr="1092" mi="4" ci="0" mb="0" cb="0"/><line nr="1093" mi="1" ci="0" mb="0" cb="0"/><line nr="1099" mi="2" ci="0" mb="0" cb="0"/><line nr="1100" mi="2" ci="0" mb="0" cb="0"/><line nr="1105" mi="3" ci="0" mb="0" cb="0"/><line nr="1106" mi="1" ci="0" mb="0" cb="0"/><line nr="1110" mi="4" ci="0" mb="0" cb="0"/><line nr="1111" mi="1" ci="0" mb="0" cb="0"/><line nr="1117" mi="2" ci="0" mb="0" cb="0"/><line nr="1118" mi="2" ci="0" mb="0" cb="0"/><line nr="1123" mi="3" ci="0" mb="0" cb="0"/><line nr="1124" mi="1" ci="0" mb="0" cb="0"/><line nr="1128" mi="8" ci="0" mb="0" cb="0"/><line nr="1129" mi="2" ci="0" mb="0" cb="0"/><line nr="1130" mi="1" ci="0" mb="0" cb="0"/><line nr="1136" mi="2" ci="0" mb="0" cb="0"/><line nr="1137" mi="2" ci="0" mb="0" cb="0"/><line nr="1142" mi="4" ci="0" mb="0" cb="0"/><line nr="1143" mi="1" ci="0" mb="0" cb="0"/><line nr="1149" mi="2" ci="0" mb="0" cb="0"/><line nr="1150" mi="2" ci="0" mb="0" cb="0"/><line nr="1155" mi="3" ci="0" mb="0" cb="0"/><line nr="1156" mi="1" ci="0" mb="0" cb="0"/><line nr="1160" mi="7" ci="0" mb="0" cb="0"/><line nr="1161" mi="2" ci="0" mb="0" cb="0"/><line nr="1162" mi="1" ci="0" mb="0" cb="0"/><line nr="1168" mi="2" ci="0" mb="0" cb="0"/><line nr="1169" mi="2" ci="0" mb="0" cb="0"/><line nr="1174" mi="3" ci="0" mb="0" cb="0"/><line nr="1175" mi="1" ci="0" mb="0" cb="0"/><line nr="1179" mi="7" ci="0" mb="0" cb="0"/><line nr="1180" mi="2" ci="0" mb="0" cb="0"/><line nr="1181" mi="1" ci="0" mb="0" cb="0"/><line nr="1187" mi="2" ci="0" mb="0" cb="0"/><line nr="1188" mi="2" ci="0" mb="0" cb="0"/><line nr="1193" mi="4" ci="0" mb="0" cb="0"/><line nr="1194" mi="1" ci="0" mb="0" cb="0"/><line nr="1200" mi="2" ci="0" mb="0" cb="0"/><line nr="1201" mi="2" ci="0" mb="0" cb="0"/><line nr="1206" mi="4" ci="0" mb="0" cb="0"/><line nr="1207" mi="1" ci="0" mb="0" cb="0"/><line nr="1213" mi="2" ci="0" mb="0" cb="0"/><line nr="1214" mi="2" ci="0" mb="0" cb="0"/><line nr="1219" mi="4" ci="0" mb="0" cb="0"/><line nr="1220" mi="1" ci="0" mb="0" cb="0"/><line nr="1224" mi="7" ci="0" mb="0" cb="0"/><line nr="1225" mi="11" ci="0" mb="0" cb="0"/><line nr="1226" mi="1" ci="0" mb="0" cb="0"/><line nr="1230" mi="7" ci="0" mb="0" cb="0"/><line nr="1231" mi="2" ci="0" mb="0" cb="0"/><line nr="1232" mi="1" ci="0" mb="0" cb="0"/><line nr="1236" mi="7" ci="0" mb="0" cb="0"/><line nr="1237" mi="2" ci="0" mb="0" cb="0"/><line nr="1238" mi="1" ci="0" mb="0" cb="0"/><line nr="1242" mi="7" ci="0" mb="0" cb="0"/><line nr="1243" mi="2" ci="0" mb="0" cb="0"/><line nr="1244" mi="1" ci="0" mb="0" cb="0"/><line nr="1250" mi="2" ci="0" mb="0" cb="0"/><line nr="1251" mi="2" ci="0" mb="0" cb="0"/><line nr="1256" mi="4" ci="0" mb="0" cb="0"/><line nr="1257" mi="1" ci="0" mb="0" cb="0"/><line nr="1263" mi="2" ci="0" mb="0" cb="0"/><line nr="1264" mi="2" ci="0" mb="0" cb="0"/><line nr="1269" mi="3" ci="0" mb="0" cb="0"/><line nr="1270" mi="1" ci="0" mb="0" cb="0"/><line nr="1274" mi="10" ci="0" mb="0" cb="0"/><line nr="1275" mi="1" ci="0" mb="0" cb="0"/><line nr="1282" mi="2" ci="0" mb="0" cb="0"/><line nr="1283" mi="2" ci="0" mb="0" cb="0"/><line nr="1288" mi="3" ci="0" mb="0" cb="0"/><line nr="1289" mi="1" ci="0" mb="0" cb="0"/><line nr="1293" mi="10" ci="0" mb="0" cb="0"/><line nr="1294" mi="1" ci="0" mb="0" cb="0"/><line nr="1301" mi="2" ci="0" mb="0" cb="0"/><line nr="1302" mi="2" ci="0" mb="0" cb="0"/><line nr="1307" mi="4" ci="0" mb="0" cb="0"/><line nr="1308" mi="1" ci="0" mb="0" cb="0"/><line nr="1314" mi="2" ci="0" mb="0" cb="0"/><line nr="1315" mi="2" ci="0" mb="0" cb="0"/><line nr="1320" mi="4" ci="0" mb="0" cb="0"/><line nr="1321" mi="1" ci="0" mb="0" cb="0"/><line nr="1326" mi="3" ci="0" mb="0" cb="0"/><line nr="1327" mi="10" ci="0" mb="0" cb="0"/><line nr="1328" mi="1" ci="0" mb="0" cb="0"/><line nr="1333" mi="5" ci="0" mb="0" cb="0"/><line nr="1340" mi="2" ci="0" mb="0" cb="0"/><line nr="1341" mi="2" ci="0" mb="0" cb="0"/><line nr="1346" mi="4" ci="0" mb="0" cb="0"/><line nr="1347" mi="1" ci="0" mb="0" cb="0"/><line nr="1352" mi="13" ci="0" mb="0" cb="0"/><line nr="1353" mi="1" ci="0" mb="0" cb="0"/><line nr="1358" mi="5" ci="0" mb="0" cb="0"/><line nr="1365" mi="2" ci="0" mb="0" cb="0"/><line nr="1366" mi="2" ci="0" mb="0" cb="0"/><line nr="1371" mi="4" ci="0" mb="0" cb="0"/><line nr="1372" mi="1" ci="0" mb="0" cb="0"/><line nr="1380" mi="3" ci="0" mb="2" cb="0"/><line nr="1382" mi="5" ci="0" mb="0" cb="0"/><line nr="1385" mi="10" ci="0" mb="0" cb="0"/><line nr="1389" mi="1" ci="0" mb="0" cb="0"/><line nr="1395" mi="3" ci="0" mb="2" cb="0"/><line nr="1397" mi="5" ci="0" mb="0" cb="0"/><line nr="1400" mi="10" ci="0" mb="0" cb="0"/><line nr="1404" mi="1" ci="0" mb="0" cb="0"/><line nr="1410" mi="3" ci="0" mb="2" cb="0"/><line nr="1412" mi="5" ci="0" mb="0" cb="0"/><line nr="1415" mi="10" ci="0" mb="0" cb="0"/><line nr="1419" mi="1" ci="0" mb="0" cb="0"/><line nr="1429" mi="3" ci="0" mb="0" cb="0"/><line nr="1430" mi="4" ci="0" mb="0" cb="0"/><line nr="1431" mi="4" ci="0" mb="0" cb="0"/><line nr="1434" mi="6" ci="0" mb="0" cb="0"/><line nr="1436" mi="1" ci="0" mb="0" cb="0"/><line nr="1447" mi="6" ci="0" mb="0" cb="0"/><line nr="1449" mi="2" ci="0" mb="0" cb="0"/><line nr="1451" mi="9" ci="0" mb="2" cb="0"/><line nr="1452" mi="4" ci="0" mb="0" cb="0"/><line nr="1454" mi="9" ci="0" mb="2" cb="0"/><line nr="1456" mi="9" ci="0" mb="0" cb="0"/><line nr="1457" mi="2" ci="0" mb="0" cb="0"/><line nr="1458" mi="4" ci="0" mb="0" cb="0"/><line nr="1459" mi="3" ci="0" mb="0" cb="0"/><line nr="1462" mi="5" ci="0" mb="2" cb="0"/><line nr="1464" mi="9" ci="0" mb="0" cb="0"/><line nr="1465" mi="2" ci="0" mb="0" cb="0"/><line nr="1466" mi="4" ci="0" mb="0" cb="0"/><line nr="1467" mi="3" ci="0" mb="0" cb="0"/><line nr="1470" mi="1" ci="0" mb="0" cb="0"/><line nr="1472" mi="10" ci="0" mb="2" cb="0"/><line nr="1473" mi="5" ci="0" mb="0" cb="0"/><line nr="1479" mi="6" ci="0" mb="0" cb="0"/><line nr="1481" mi="9" ci="0" mb="2" cb="0"/><line nr="1483" mi="9" ci="0" mb="0" cb="0"/><line nr="1484" mi="2" ci="0" mb="0" cb="0"/><line nr="1485" mi="4" ci="0" mb="0" cb="0"/><line nr="1486" mi="3" ci="0" mb="0" cb="0"/><line nr="1491" mi="9" ci="0" mb="2" cb="0"/><line nr="1493" mi="5" ci="0" mb="0" cb="0"/><line nr="1495" mi="1" ci="0" mb="0" cb="0"/><line nr="1496" mi="10" ci="0" mb="0" cb="0"/><line nr="1499" mi="3" ci="0" mb="0" cb="0"/><line nr="1501" mi="3" ci="0" mb="2" cb="0"/><line nr="1503" mi="4" ci="0" mb="0" cb="0"/><line nr="1506" mi="4" ci="0" mb="2" cb="0"/><line nr="1508" mi="9" ci="0" mb="0" cb="0"/><line nr="1509" mi="3" ci="0" mb="0" cb="0"/><line nr="1511" mi="2" ci="0" mb="0" cb="0"/><line nr="1512" mi="2" ci="0" mb="0" cb="0"/><line nr="1514" mi="2" ci="0" mb="0" cb="0"/><line nr="1515" mi="2" ci="0" mb="0" cb="0"/><line nr="1517" mi="2" ci="0" mb="2" cb="0"/><line nr="1519" mi="15" ci="0" mb="0" cb="0"/><line nr="1523" mi="3" ci="0" mb="0" cb="0"/><line nr="1525" mi="3" ci="0" mb="0" cb="0"/><line nr="1529" mi="4" ci="0" mb="0" cb="0"/><line nr="1533" mi="2" ci="0" mb="0" cb="0"/><line nr="1535" mi="1" ci="0" mb="0" cb="0"/><line nr="1538" mi="9" ci="0" mb="0" cb="0"/><line nr="1539" mi="3" ci="0" mb="0" cb="0"/><line nr="1541" mi="3" ci="0" mb="0" cb="0"/><line nr="1543" mi="3" ci="0" mb="0" cb="0"/><line nr="1547" mi="4" ci="0" mb="0" cb="0"/><line nr="1551" mi="2" ci="0" mb="0" cb="0"/><line nr="1554" mi="1" ci="0" mb="0" cb="0"/><line nr="1559" mi="4" ci="0" mb="0" cb="0"/><line nr="1561" mi="3" ci="0" mb="0" cb="0"/><line nr="1574" mi="6" ci="0" mb="0" cb="0"/><line nr="1586" mi="5" ci="0" mb="0" cb="0"/><line nr="1587" mi="7" ci="0" mb="0" cb="0"/><line nr="1588" mi="1" ci="0" mb="0" cb="0"/><line nr="1601" mi="11" ci="0" mb="0" cb="0"/><line nr="1603" mi="2" ci="0" mb="2" cb="0"/><line nr="1605" mi="4" ci="0" mb="0" cb="0"/><line nr="1608" mi="3" ci="0" mb="0" cb="0"/><line nr="1609" mi="3" ci="0" mb="2" cb="0"/><line nr="1611" mi="4" ci="0" mb="0" cb="0"/><line nr="1612" mi="5" ci="0" mb="4" cb="0"/><line nr="1615" mi="6" ci="0" mb="0" cb="0"/><line nr="1618" mi="2" ci="0" mb="2" cb="0"/><line nr="1620" mi="6" ci="0" mb="0" cb="0"/><line nr="1622" mi="7" ci="0" mb="0" cb="0"/><line nr="1623" mi="7" ci="0" mb="0" cb="0"/><line nr="1624" mi="7" ci="0" mb="0" cb="0"/><line nr="1625" mi="7" ci="0" mb="0" cb="0"/><line nr="1626" mi="7" ci="0" mb="0" cb="0"/><line nr="1627" mi="7" ci="0" mb="0" cb="0"/><line nr="1628" mi="7" ci="0" mb="0" cb="0"/><line nr="1629" mi="7" ci="0" mb="0" cb="0"/><line nr="1630" mi="7" ci="0" mb="0" cb="0"/><line nr="1633" mi="4" ci="0" mb="0" cb="0"/><line nr="1635" mi="1" ci="0" mb="0" cb="0"/><line nr="1637" mi="2" ci="0" mb="0" cb="0"/><line nr="1657" mi="2" ci="0" mb="0" cb="0"/><line nr="1658" mi="2" ci="0" mb="0" cb="0"/><line nr="1660" mi="3" ci="0" mb="0" cb="0"/><line nr="1661" mi="2" ci="0" mb="0" cb="0"/><line nr="1663" mi="13" ci="0" mb="0" cb="0"/><line nr="1664" mi="1" ci="0" mb="0" cb="0"/><line nr="1694" mi="2" ci="0" mb="0" cb="0"/><line nr="1695" mi="2" ci="0" mb="0" cb="0"/><line nr="1697" mi="4" ci="0" mb="0" cb="0"/><line nr="1698" mi="2" ci="0" mb="0" cb="0"/><line nr="1702" mi="13" ci="0" mb="0" cb="0"/><line nr="1703" mi="1" ci="0" mb="0" cb="0"/><line nr="1724" mi="2" ci="0" mb="2" cb="0"/><line nr="1726" mi="2" ci="0" mb="0" cb="0"/><line nr="1729" mi="5" ci="0" mb="0" cb="0"/><line nr="1730" mi="2" ci="0" mb="2" cb="0"/><line nr="1732" mi="2" ci="0" mb="0" cb="0"/><line nr="1735" mi="5" ci="0" mb="0" cb="0"/><line nr="1755" mi="10" ci="0" mb="0" cb="0"/><line nr="1759" mi="5" ci="0" mb="0" cb="0"/><line nr="1760" mi="11" ci="0" mb="4" cb="0"/><line nr="1761" mi="5" ci="0" mb="0" cb="0"/><line nr="1762" mi="5" ci="0" mb="0" cb="0"/><line nr="1763" mi="4" ci="0" mb="0" cb="0"/><line nr="1779" mi="11" ci="0" mb="0" cb="0"/><line nr="1784" mi="8" ci="0" mb="0" cb="0"/><line nr="1788" mi="2" ci="0" mb="0" cb="0"/><line nr="1791" mi="1" ci="0" mb="0" cb="0"/><line nr="1793" mi="6" ci="0" mb="0" cb="0"/><line nr="1808" mi="5" ci="0" mb="0" cb="0"/><line nr="1809" mi="5" ci="0" mb="0" cb="0"/><line nr="1810" mi="5" ci="0" mb="0" cb="0"/><line nr="1811" mi="5" ci="0" mb="0" cb="0"/><line nr="1812" mi="5" ci="0" mb="0" cb="0"/><line nr="1813" mi="5" ci="0" mb="0" cb="0"/><line nr="1814" mi="2" ci="0" mb="2" cb="0"/><line nr="1816" mi="5" ci="0" mb="0" cb="0"/><line nr="1820" mi="7" ci="0" mb="0" cb="0"/><line nr="1822" mi="5" ci="0" mb="0" cb="0"/><line nr="1823" mi="4" ci="0" mb="2" cb="0"/><line nr="1824" mi="6" ci="0" mb="2" cb="0"/><line nr="1825" mi="6" ci="0" mb="2" cb="0"/><line nr="1826" mi="6" ci="0" mb="2" cb="0"/><line nr="1827" mi="5" ci="0" mb="0" cb="0"/><line nr="1830" mi="2" ci="0" mb="2" cb="0"/><line nr="1834" mi="3" ci="0" mb="0" cb="0"/><line nr="1835" mi="3" ci="0" mb="0" cb="0"/><line nr="1836" mi="4" ci="0" mb="0" cb="0"/><line nr="1837" mi="3" ci="0" mb="0" cb="0"/><line nr="1838" mi="3" ci="0" mb="0" cb="0"/><line nr="1841" mi="2" ci="0" mb="0" cb="0"/><line nr="1854" mi="2" ci="0" mb="0" cb="0"/><line nr="1856" mi="2" ci="0" mb="2" cb="0"/><line nr="1858" mi="6" ci="0" mb="0" cb="0"/><line nr="1859" mi="3" ci="0" mb="2" cb="0"/><line nr="1861" mi="3" ci="0" mb="0" cb="0"/><line nr="1863" mi="6" ci="0" mb="2" cb="0"/><line nr="1865" mi="6" ci="0" mb="2" cb="0"/><line nr="1866" mi="4" ci="0" mb="0" cb="0"/><line nr="1869" mi="2" ci="0" mb="0" cb="0"/><line nr="1870" mi="6" ci="0" mb="2" cb="0"/><line nr="1871" mi="6" ci="0" mb="2" cb="0"/><line nr="1872" mi="6" ci="0" mb="2" cb="0"/><line nr="1873" mi="6" ci="0" mb="2" cb="0"/><line nr="1874" mi="6" ci="0" mb="2" cb="0"/><line nr="1877" mi="2" ci="0" mb="2" cb="0"/><line nr="1879" mi="14" ci="0" mb="0" cb="0"/><line nr="1882" mi="4" ci="0" mb="0" cb="0"/><line nr="1884" mi="1" ci="0" mb="0" cb="0"/><line nr="1887" mi="8" ci="0" mb="4" cb="0"/><line nr="1889" mi="2" ci="0" mb="0" cb="0"/><line nr="1890" mi="6" ci="0" mb="2" cb="0"/><line nr="1891" mi="4" ci="0" mb="2" cb="0"/><line nr="1892" mi="6" ci="0" mb="2" cb="0"/><line nr="1893" mi="4" ci="0" mb="2" cb="0"/><line nr="1894" mi="6" ci="0" mb="2" cb="0"/><line nr="1896" mi="3" ci="0" mb="2" cb="0"/><line nr="1898" mi="14" ci="0" mb="0" cb="0"/><line nr="1901" mi="4" ci="0" mb="0" cb="0"/><line nr="1904" mi="2" ci="0" mb="0" cb="0"/><line nr="1918" mi="5" ci="0" mb="0" cb="0"/><line nr="1919" mi="5" ci="0" mb="0" cb="0"/><line nr="1920" mi="5" ci="0" mb="0" cb="0"/><line nr="1921" mi="5" ci="0" mb="0" cb="0"/><line nr="1922" mi="5" ci="0" mb="0" cb="0"/><line nr="1923" mi="5" ci="0" mb="0" cb="0"/><line nr="1926" mi="2" ci="0" mb="2" cb="0"/><line nr="1928" mi="3" ci="0" mb="0" cb="0"/><line nr="1931" mi="2" ci="0" mb="2" cb="0"/><line nr="1933" mi="2" ci="0" mb="2" cb="0"/><line nr="1935" mi="2" ci="0" mb="2" cb="0"/><line nr="1937" mi="14" ci="0" mb="0" cb="0"/><line nr="1940" mi="2" ci="0" mb="2" cb="0"/><line nr="1942" mi="2" ci="0" mb="0" cb="0"/><line nr="1945" mi="2" ci="0" mb="2" cb="0"/><line nr="1947" mi="14" ci="0" mb="0" cb="0"/><line nr="1950" mi="3" ci="0" mb="0" cb="0"/><line nr="1952" mi="12" ci="0" mb="6" cb="0"/><line nr="1954" mi="5" ci="0" mb="0" cb="0"/><line nr="1959" mi="2" ci="0" mb="2" cb="0"/><line nr="1961" mi="14" ci="0" mb="0" cb="0"/><line nr="1965" mi="2" ci="0" mb="2" cb="0"/><line nr="1967" mi="2" ci="0" mb="2" cb="0"/><line nr="1969" mi="14" ci="0" mb="0" cb="0"/><line nr="1972" mi="2" ci="0" mb="2" cb="0"/><line nr="1974" mi="14" ci="0" mb="0" cb="0"/><line nr="1978" mi="3" ci="0" mb="0" cb="0"/><line nr="1980" mi="4" ci="0" mb="2" cb="0"/><line nr="1981" mi="5" ci="0" mb="2" cb="0"/><line nr="1982" mi="4" ci="0" mb="0" cb="0"/><line nr="1985" mi="8" ci="0" mb="2" cb="0"/><line nr="1986" mi="4" ci="0" mb="0" cb="0"/><line nr="1987" mi="7" ci="0" mb="0" cb="0"/><line nr="1991" mi="8" ci="0" mb="0" cb="0"/><line nr="1992" mi="2" ci="0" mb="0" cb="0"/><line nr="1994" mi="4" ci="0" mb="0" cb="0"/><line nr="1995" mi="5" ci="0" mb="0" cb="0"/><line nr="2010" mi="2" ci="0" mb="0" cb="0"/><line nr="2012" mi="2" ci="0" mb="2" cb="0"/><line nr="2014" mi="6" ci="0" mb="0" cb="0"/><line nr="2015" mi="3" ci="0" mb="2" cb="0"/><line nr="2017" mi="3" ci="0" mb="0" cb="0"/><line nr="2019" mi="6" ci="0" mb="2" cb="0"/><line nr="2021" mi="6" ci="0" mb="2" cb="0"/><line nr="2022" mi="4" ci="0" mb="0" cb="0"/><line nr="2025" mi="2" ci="0" mb="0" cb="0"/><line nr="2026" mi="6" ci="0" mb="2" cb="0"/><line nr="2027" mi="6" ci="0" mb="2" cb="0"/><line nr="2028" mi="6" ci="0" mb="2" cb="0"/><line nr="2029" mi="6" ci="0" mb="2" cb="0"/><line nr="2030" mi="6" ci="0" mb="2" cb="0"/><line nr="2031" mi="6" ci="0" mb="2" cb="0"/><line nr="2032" mi="6" ci="0" mb="2" cb="0"/><line nr="2033" mi="6" ci="0" mb="2" cb="0"/><line nr="2034" mi="6" ci="0" mb="2" cb="0"/><line nr="2035" mi="6" ci="0" mb="2" cb="0"/><line nr="2036" mi="6" ci="0" mb="2" cb="0"/><line nr="2037" mi="6" ci="0" mb="2" cb="0"/><line nr="2038" mi="6" ci="0" mb="2" cb="0"/><line nr="2039" mi="6" ci="0" mb="2" cb="0"/><line nr="2042" mi="2" ci="0" mb="2" cb="0"/><line nr="2044" mi="14" ci="0" mb="0" cb="0"/><line nr="2047" mi="4" ci="0" mb="0" cb="0"/><line nr="2049" mi="1" ci="0" mb="0" cb="0"/><line nr="2052" mi="2" ci="0" mb="0" cb="0"/><line nr="2061" mi="2" ci="0" mb="2" cb="0"/><line nr="2063" mi="2" ci="0" mb="0" cb="0"/><line nr="2066" mi="4" ci="0" mb="0" cb="0"/><line nr="2068" mi="8" ci="0" mb="2" cb="0"/><line nr="2081" mi="4" ci="0" mb="0" cb="0"/><line nr="2082" mi="13" ci="0" mb="2" cb="0"/><line nr="2085" mi="12" ci="0" mb="0" cb="0"/><line nr="2086" mi="12" ci="0" mb="0" cb="0"/><line nr="2090" mi="2" ci="0" mb="0" cb="0"/><line nr="2107" mi="4" ci="0" mb="3" cb="0"/><line nr="2111" mi="4" ci="0" mb="0" cb="0"/><line nr="2118" mi="3" ci="0" mb="0" cb="0"/><line nr="2134" mi="18" ci="0" mb="0" cb="0"/><line nr="2138" mi="1" ci="0" mb="0" cb="0"/><line nr="2140" mi="18" ci="0" mb="0" cb="0"/><line nr="2151" mi="4" ci="0" mb="2" cb="0"/><line nr="2153" mi="3" ci="0" mb="0" cb="0"/><line nr="2155" mi="4" ci="0" mb="2" cb="0"/><line nr="2157" mi="3" ci="0" mb="0" cb="0"/><line nr="2161" mi="14" ci="0" mb="0" cb="0"/><line nr="2173" mi="2" ci="0" mb="2" cb="0"/><line nr="2175" mi="4" ci="0" mb="0" cb="0"/><line nr="2178" mi="4" ci="0" mb="0" cb="0"/><line nr="2180" mi="2" ci="0" mb="0" cb="0"/><line nr="2191" mi="2" ci="0" mb="2" cb="0"/><line nr="2193" mi="2" ci="0" mb="2" cb="0"/><line nr="2195" mi="4" ci="0" mb="0" cb="0"/><line nr="2198" mi="4" ci="0" mb="0" cb="0"/><line nr="2201" mi="2" ci="0" mb="0" cb="0"/><line nr="2212" mi="6" ci="0" mb="0" cb="0"/><line nr="2225" mi="2" ci="0" mb="2" cb="0"/><line nr="2227" mi="4" ci="0" mb="0" cb="0"/><line nr="2230" mi="8" ci="0" mb="0" cb="0"/><line nr="2232" mi="2" ci="0" mb="0" cb="0"/><line nr="2243" mi="6" ci="0" mb="0" cb="0"/><line nr="2256" mi="2" ci="0" mb="2" cb="0"/><line nr="2258" mi="4" ci="0" mb="0" cb="0"/><line nr="2261" mi="2" ci="0" mb="2" cb="0"/><line nr="2264" mi="3" ci="0" mb="0" cb="0"/><line nr="2268" mi="2" ci="0" mb="2" cb="0"/><line nr="2270" mi="3" ci="0" mb="0" cb="0"/><line nr="2274" mi="5" ci="0" mb="0" cb="0"/><line nr="2277" mi="2" ci="0" mb="0" cb="0"/><line nr="2287" mi="2" ci="0" mb="2" cb="0"/><line nr="2289" mi="4" ci="0" mb="0" cb="0"/><line nr="2293" mi="4" ci="0" mb="0" cb="0"/><line nr="2295" mi="2" ci="0" mb="0" cb="0"/><line nr="2305" mi="11" ci="0" mb="0" cb="0"/><line nr="2306" mi="11" ci="0" mb="4" cb="0"/><line nr="2309" mi="8" ci="0" mb="2" cb="0"/><line nr="2310" mi="2" ci="0" mb="0" cb="0"/><line nr="2318" mi="5" ci="0" mb="4" cb="0"/><line nr="2321" mi="2" ci="0" mb="0" cb="0"/><line nr="2323" mi="2" ci="0" mb="0" cb="0"/><counter type="INSTRUCTION" missed="2778" covered="0"/><counter type="BRANCH" missed="201" covered="0"/><counter type="LINE" missed="692" covered="0"/><counter type="COMPLEXITY" missed="295" covered="0"/><counter type="METHOD" missed="194" covered="0"/><counter type="CLASS" missed="1" covered="0"/></sourcefile><counter type="INSTRUCTION" missed="2778" covered="0"/><counter type="BRANCH" missed="201" covered="0"/><counter type="LINE" missed="692" covered="0"/><counter type="COMPLEXITY" missed="295" covered="0"/><counter type="METHOD" missed="194" covered="0"/><counter type="CLASS" missed="1" covered="0"/></package><counter type="INSTRUCTION" missed="5782" covered="0"/><counter type="BRANCH" missed="349" covered="0"/><counter type="LINE" missed="1070" covered="0"/><counter type="COMPLEXITY" missed="472" covered="0"/><counter type="METHOD" missed="297" covered="0"/><counter type="CLASS" missed="17" covered="0"/></report>